This file contains any messages produced by compilers while
running configure, to aid debugging if configure makes a mistake.

It was created by configure, which was
generated by GNU Autoconf 2.67.  Invocation command line was

  $ ./configure 

## --------- ##
## Platform. ##
## --------- ##

hostname = Optimus
uname -m = i686
uname -r = 2.6.38-8-generic-pae
uname -s = Linux
uname -v = #42-Ubuntu SMP Mon Apr 11 05:17:09 UTC 2011

/usr/bin/uname -p = unknown
/bin/uname -X     = unknown

/bin/arch              = unknown
/usr/bin/arch -k       = unknown
/usr/convex/getsysinfo = unknown
/usr/bin/hostinfo      = unknown
/bin/machine           = unknown
/usr/bin/oslevel       = unknown
/bin/universe          = unknown

PATH: //home/gokul/ns2/ns-allinone-2.34/tcl8.4.18/unix
PATH: //home/gokul/ns2/ns-allinone-2.34/tk8.4.18/unix
PATH: //home/gokul/ns2/ns-allinone-2.34/bin
PATH: /usr/local/sbin
PATH: /usr/local/bin
PATH: /usr/sbin
PATH: /usr/bin
PATH: /sbin
PATH: /bin
PATH: /usr/games
PATH: /home/gokul/ns2/ns-allinone-2.34/bin
PATH: /home/gokul/ns2/ns-allinone-2.34/tcl8.4.18/unix
PATH: /home/gokul/ns2/ns-allinone-2.34/tk8.4.18/unix


## ----------- ##
## Core tests. ##
## ----------- ##

configure:2224: checking build system type
configure:2238: result: i686-pc-linux-gnu
configure:2258: checking host system type
configure:2271: result: i686-pc-linux-gnu
configure:2291: checking target system type
configure:2304: result: i686-pc-linux-gnu
configure:2380: checking for gcc
configure:2396: found /usr/bin/gcc
configure:2407: result: gcc
configure:2636: checking for C compiler version
configure:2645: gcc --version >&5
gcc (Ubuntu/Linaro 4.5.2-8ubuntu4) 4.5.2
Copyright (C) 2010 Free Software Foundation, Inc.
This is free software; see the source for copying conditions.  There is NO
warranty; not even for MERCHANTABILITY or FITNESS FOR A PARTICULAR PURPOSE.

configure:2656: $? = 0
configure:2645: gcc -v >&5
Using built-in specs.
COLLECT_GCC=gcc
COLLECT_LTO_WRAPPER=/usr/lib/i386-linux-gnu/gcc/i686-linux-gnu/4.5.2/lto-wrapper
Target: i686-linux-gnu
Configured with: ../src/configure -v --with-pkgversion='Ubuntu/Linaro 4.5.2-8ubuntu4' --with-bugurl=file:///usr/share/doc/gcc-4.5/README.Bugs --enable-languages=c,c++,fortran,objc,obj-c++ --prefix=/usr --program-suffix=-4.5 --enable-shared --enable-multiarch --with-multiarch-defaults=i386-linux-gnu --enable-linker-build-id --with-system-zlib --libexecdir=/usr/lib/i386-linux-gnu --without-included-gettext --enable-threads=posix --with-gxx-include-dir=/usr/include/c++/4.5 --libdir=/usr/lib/i386-linux-gnu --enable-nls --with-sysroot=/ --enable-clocale=gnu --enable-libstdcxx-debug --enable-libstdcxx-time=yes --enable-plugin --enable-gold --enable-ld=default --with-plugin-ld=ld.gold --enable-objc-gc --enable-targets=all --disable-werror --with-arch-32=i686 --with-tune=generic --enable-checking=release --build=i686-linux-gnu --host=i686-linux-gnu --target=i686-linux-gnu
Thread model: posix
gcc version 4.5.2 (Ubuntu/Linaro 4.5.2-8ubuntu4) 
configure:2656: $? = 0
configure:2645: gcc -V >&5
gcc: '-V' option must have argument
configure:2656: $? = 1
configure:2645: gcc -qversion >&5
gcc: unrecognized option '-qversion'
gcc: no input files
configure:2656: $? = 1
configure:2676: checking whether the C compiler works
configure:2698: gcc    conftest.c  >&5
configure:2702: $? = 0
configure:2750: result: yes
configure:2753: checking for C compiler default output file name
configure:2755: result: a.out
configure:2761: checking for suffix of executables
configure:2768: gcc -o conftest    conftest.c  >&5
configure:2772: $? = 0
configure:2794: result: 
configure:2816: checking whether we are cross compiling
configure:2824: gcc -o conftest    conftest.c  >&5
configure:2828: $? = 0
configure:2835: ./conftest
configure:2839: $? = 0
configure:2854: result: no
configure:2859: checking for suffix of object files
configure:2881: gcc -c   conftest.c >&5
configure:2885: $? = 0
configure:2906: result: o
configure:2910: checking whether we are using the GNU C compiler
configure:2929: gcc -c   conftest.c >&5
configure:2929: $? = 0
configure:2938: result: yes
configure:2947: checking whether gcc accepts -g
configure:2967: gcc -c -g  conftest.c >&5
configure:2967: $? = 0
configure:3008: result: yes
configure:3025: checking for gcc option to accept ISO C89
configure:3089: gcc  -c -g -O2  conftest.c >&5
configure:3089: $? = 0
configure:3102: result: none needed
configure:3180: checking for g++
configure:3196: found /usr/bin/g++
configure:3207: result: g++
configure:3234: checking for C++ compiler version
configure:3243: g++ --version >&5
g++ (Ubuntu/Linaro 4.5.2-8ubuntu4) 4.5.2
Copyright (C) 2010 Free Software Foundation, Inc.
This is free software; see the source for copying conditions.  There is NO
warranty; not even for MERCHANTABILITY or FITNESS FOR A PARTICULAR PURPOSE.

configure:3254: $? = 0
configure:3243: g++ -v >&5
Using built-in specs.
COLLECT_GCC=g++
COLLECT_LTO_WRAPPER=/usr/lib/i386-linux-gnu/gcc/i686-linux-gnu/4.5.2/lto-wrapper
Target: i686-linux-gnu
Configured with: ../src/configure -v --with-pkgversion='Ubuntu/Linaro 4.5.2-8ubuntu4' --with-bugurl=file:///usr/share/doc/gcc-4.5/README.Bugs --enable-languages=c,c++,fortran,objc,obj-c++ --prefix=/usr --program-suffix=-4.5 --enable-shared --enable-multiarch --with-multiarch-defaults=i386-linux-gnu --enable-linker-build-id --with-system-zlib --libexecdir=/usr/lib/i386-linux-gnu --without-included-gettext --enable-threads=posix --with-gxx-include-dir=/usr/include/c++/4.5 --libdir=/usr/lib/i386-linux-gnu --enable-nls --with-sysroot=/ --enable-clocale=gnu --enable-libstdcxx-debug --enable-libstdcxx-time=yes --enable-plugin --enable-gold --enable-ld=default --with-plugin-ld=ld.gold --enable-objc-gc --enable-targets=all --disable-werror --with-arch-32=i686 --with-tune=generic --enable-checking=release --build=i686-linux-gnu --host=i686-linux-gnu --target=i686-linux-gnu
Thread model: posix
gcc version 4.5.2 (Ubuntu/Linaro 4.5.2-8ubuntu4) 
configure:3254: $? = 0
configure:3243: g++ -V >&5
g++: '-V' option must have argument
configure:3254: $? = 1
configure:3243: g++ -qversion >&5
g++: unrecognized option '-qversion'
g++: no input files
configure:3254: $? = 1
configure:3258: checking whether we are using the GNU C++ compiler
configure:3277: g++ -c   conftest.cpp >&5
configure:3277: $? = 0
configure:3286: result: yes
configure:3295: checking whether g++ accepts -g
configure:3315: g++ -c -g  conftest.cpp >&5
configure:3315: $? = 0
configure:3356: result: yes
configure:3385: checking how to run the C preprocessor
configure:3416: gcc -E  conftest.c
configure:3416: $? = 0
configure:3430: gcc -E  conftest.c
conftest.c:9:28: fatal error: ac_nonexistent.h: No such file or directory
compilation terminated.
configure:3430: $? = 1
configure: failed program was:
| /* confdefs.h */
| #define PACKAGE_NAME ""
| #define PACKAGE_TARNAME ""
| #define PACKAGE_VERSION ""
| #define PACKAGE_STRING ""
| #define PACKAGE_BUGREPORT ""
| #define PACKAGE_URL ""
| /* end confdefs.h.  */
| #include <ac_nonexistent.h>
configure:3455: result: gcc -E
configure:3475: gcc -E  conftest.c
configure:3475: $? = 0
configure:3489: gcc -E  conftest.c
conftest.c:9:28: fatal error: ac_nonexistent.h: No such file or directory
compilation terminated.
configure:3489: $? = 1
configure: failed program was:
| /* confdefs.h */
| #define PACKAGE_NAME ""
| #define PACKAGE_TARNAME ""
| #define PACKAGE_VERSION ""
| #define PACKAGE_STRING ""
| #define PACKAGE_BUGREPORT ""
| #define PACKAGE_URL ""
| /* end confdefs.h.  */
| #include <ac_nonexistent.h>
configure:3518: checking for grep that handles long lines and -e
configure:3576: result: /bin/grep
configure:3581: checking for egrep
configure:3643: result: /bin/grep -E
configure:3648: checking for ANSI C header files
configure:3668: gcc -c -g -O2  conftest.c >&5
configure:3668: $? = 0
configure:3741: gcc -o conftest -g -O2   conftest.c  >&5
configure:3741: $? = 0
configure:3741: ./conftest
configure:3741: $? = 0
configure:3752: result: yes
configure:3765: checking for sys/types.h
configure:3765: gcc -c -g -O2  conftest.c >&5
configure:3765: $? = 0
configure:3765: result: yes
configure:3765: checking for sys/stat.h
configure:3765: gcc -c -g -O2  conftest.c >&5
configure:3765: $? = 0
configure:3765: result: yes
configure:3765: checking for stdlib.h
configure:3765: gcc -c -g -O2  conftest.c >&5
configure:3765: $? = 0
configure:3765: result: yes
configure:3765: checking for string.h
configure:3765: gcc -c -g -O2  conftest.c >&5
configure:3765: $? = 0
configure:3765: result: yes
configure:3765: checking for memory.h
configure:3765: gcc -c -g -O2  conftest.c >&5
configure:3765: $? = 0
configure:3765: result: yes
configure:3765: checking for strings.h
configure:3765: gcc -c -g -O2  conftest.c >&5
configure:3765: $? = 0
configure:3765: result: yes
configure:3765: checking for inttypes.h
configure:3765: gcc -c -g -O2  conftest.c >&5
configure:3765: $? = 0
configure:3765: result: yes
configure:3765: checking for stdint.h
configure:3765: gcc -c -g -O2  conftest.c >&5
configure:3765: $? = 0
configure:3765: result: yes
configure:3765: checking for unistd.h
configure:3765: gcc -c -g -O2  conftest.c >&5
configure:3765: $? = 0
configure:3765: result: yes
configure:3779: checking for string.h
configure:3779: result: yes
configure:3799: checking for main in -lXbsd
configure:3818: gcc -o conftest -g -O2   conftest.c -lXbsd   >&5
/usr/bin/ld: cannot find -lXbsd
collect2: ld returned 1 exit status
configure:3818: $? = 1
configure: failed program was:
| /* confdefs.h */
| #define PACKAGE_NAME ""
| #define PACKAGE_TARNAME ""
| #define PACKAGE_VERSION ""
| #define PACKAGE_STRING ""
| #define PACKAGE_BUGREPORT ""
| #define PACKAGE_URL ""
| #define STDC_HEADERS 1
| #define HAVE_SYS_TYPES_H 1
| #define HAVE_SYS_STAT_H 1
| #define HAVE_STDLIB_H 1
| #define HAVE_STRING_H 1
| #define HAVE_MEMORY_H 1
| #define HAVE_STRINGS_H 1
| #define HAVE_INTTYPES_H 1
| #define HAVE_STDINT_H 1
| #define HAVE_UNISTD_H 1
| #define HAVE_STRING_H 1
| /* end confdefs.h.  */
| 
| 
| int
| main ()
| {
| return main ();
|   ;
|   return 0;
| }
configure:3827: result: no
configure:3833: checking for socket in -lsocket
configure:3858: gcc -o conftest -g -O2   conftest.c -lsocket   >&5
/usr/bin/ld: cannot find -lsocket
collect2: ld returned 1 exit status
configure:3858: $? = 1
configure: failed program was:
| /* confdefs.h */
| #define PACKAGE_NAME ""
| #define PACKAGE_TARNAME ""
| #define PACKAGE_VERSION ""
| #define PACKAGE_STRING ""
| #define PACKAGE_BUGREPORT ""
| #define PACKAGE_URL ""
| #define STDC_HEADERS 1
| #define HAVE_SYS_TYPES_H 1
| #define HAVE_SYS_STAT_H 1
| #define HAVE_STDLIB_H 1
| #define HAVE_STRING_H 1
| #define HAVE_MEMORY_H 1
| #define HAVE_STRINGS_H 1
| #define HAVE_INTTYPES_H 1
| #define HAVE_STDINT_H 1
| #define HAVE_UNISTD_H 1
| #define HAVE_STRING_H 1
| /* end confdefs.h.  */
| 
| /* Override any GCC internal prototype to avoid an error.
|    Use char because int might match the return type of a GCC
|    builtin and then its argument prototype would still apply.  */
| #ifdef __cplusplus
| extern "C"
| #endif
| char socket ();
| int
| main ()
| {
| return socket ();
|   ;
|   return 0;
| }
configure:3867: result: no
configure:3873: checking for gethostbyname in -lnsl
configure:3898: gcc -o conftest -g -O2   conftest.c -lnsl   >&5
configure:3898: $? = 0
configure:3907: result: yes
configure:3913: checking for dcgettext in -lintl
configure:3938: gcc -o conftest -g -O2   conftest.c -lintl   >&5
conftest.c:27:6: warning: conflicting types for built-in function 'dcgettext'
/usr/bin/ld: cannot find -lintl
collect2: ld returned 1 exit status
configure:3938: $? = 1
configure: failed program was:
| /* confdefs.h */
| #define PACKAGE_NAME ""
| #define PACKAGE_TARNAME ""
| #define PACKAGE_VERSION ""
| #define PACKAGE_STRING ""
| #define PACKAGE_BUGREPORT ""
| #define PACKAGE_URL ""
| #define STDC_HEADERS 1
| #define HAVE_SYS_TYPES_H 1
| #define HAVE_SYS_STAT_H 1
| #define HAVE_STDLIB_H 1
| #define HAVE_STRING_H 1
| #define HAVE_MEMORY_H 1
| #define HAVE_STRINGS_H 1
| #define HAVE_INTTYPES_H 1
| #define HAVE_STDINT_H 1
| #define HAVE_UNISTD_H 1
| #define HAVE_STRING_H 1
| /* end confdefs.h.  */
| 
| /* Override any GCC internal prototype to avoid an error.
|    Use char because int might match the return type of a GCC
|    builtin and then its argument prototype would still apply.  */
| #ifdef __cplusplus
| extern "C"
| #endif
| char dcgettext ();
| int
| main ()
| {
| return dcgettext ();
|   ;
|   return 0;
| }
configure:3947: result: no
configure:3953: checking for getnodebyname in -ldnet_stub
configure:3978: gcc -o conftest -g -O2   conftest.c -ldnet_stub   >&5
/usr/bin/ld: cannot find -ldnet_stub
collect2: ld returned 1 exit status
configure:3978: $? = 1
configure: failed program was:
| /* confdefs.h */
| #define PACKAGE_NAME ""
| #define PACKAGE_TARNAME ""
| #define PACKAGE_VERSION ""
| #define PACKAGE_STRING ""
| #define PACKAGE_BUGREPORT ""
| #define PACKAGE_URL ""
| #define STDC_HEADERS 1
| #define HAVE_SYS_TYPES_H 1
| #define HAVE_SYS_STAT_H 1
| #define HAVE_STDLIB_H 1
| #define HAVE_STRING_H 1
| #define HAVE_MEMORY_H 1
| #define HAVE_STRINGS_H 1
| #define HAVE_INTTYPES_H 1
| #define HAVE_STDINT_H 1
| #define HAVE_UNISTD_H 1
| #define HAVE_STRING_H 1
| /* end confdefs.h.  */
| 
| /* Override any GCC internal prototype to avoid an error.
|    Use char because int might match the return type of a GCC
|    builtin and then its argument prototype would still apply.  */
| #ifdef __cplusplus
| extern "C"
| #endif
| char getnodebyname ();
| int
| main ()
| {
| return getnodebyname ();
|   ;
|   return 0;
| }
configure:3987: result: no
configure:4033: checking that g++ can handle -O2
configure:4054: gcc -c -g -O2  conftest.c >&5
conftest.c: In function 'main':
conftest.c:26:3: error: 'error' undeclared (first use in this function)
conftest.c:26:3: note: each undeclared identifier is reported only once for each function it appears in
conftest.c:30:3: error: expected ';' before 'int'
configure:4054: $? = 1
configure: failed program was:
| /* confdefs.h */
| #define PACKAGE_NAME ""
| #define PACKAGE_TARNAME ""
| #define PACKAGE_VERSION ""
| #define PACKAGE_STRING ""
| #define PACKAGE_BUGREPORT ""
| #define PACKAGE_URL ""
| #define STDC_HEADERS 1
| #define HAVE_SYS_TYPES_H 1
| #define HAVE_SYS_STAT_H 1
| #define HAVE_STDLIB_H 1
| #define HAVE_STRING_H 1
| #define HAVE_MEMORY_H 1
| #define HAVE_STRINGS_H 1
| #define HAVE_INTTYPES_H 1
| #define HAVE_STDINT_H 1
| #define HAVE_UNISTD_H 1
| #define HAVE_STRING_H 1
| /* end confdefs.h.  */
| 
| int
| main ()
| {
| #if __GNUC__ < 2  || __GNUC_MINOR__ < 8
| 		/* gcc */
| 		error
| 		#endif
| 		#if __GNUC_MINOR__ < 92
| 		/* egcs */
| 		int error;
| 		#endif
| 
|   ;
|   return 0;
| }
configure:4060: result: no
configure:4132: checking standard STL is available
configure:4158: g++ -c -g -O2  conftest.cpp >&5
In file included from /usr/include/c++/4.5/backward/hash_map:60:0,
                 from conftest.cpp:21:
/usr/include/c++/4.5/backward/backward_warning.h:28:2: warning: #warning This file includes at least one deprecated or antiquated header which may be removed without further notice at a future date. Please use a non-deprecated interface with equivalent functionality instead. For a listing of replacement headers and interfaces, consult the file backward_warning.h. To disable this warning use -Wno-deprecated.
conftest.cpp:22:48: error: expected template-name before '<' token
conftest.cpp:22:48: error: expected '{' before '<' token
conftest.cpp:22:48: error: expected unqualified-id before '<' token
configure:4158: $? = 1
configure: failed program was:
| /* confdefs.h */
| #define PACKAGE_NAME ""
| #define PACKAGE_TARNAME ""
| #define PACKAGE_VERSION ""
| #define PACKAGE_STRING ""
| #define PACKAGE_BUGREPORT ""
| #define PACKAGE_URL ""
| #define STDC_HEADERS 1
| #define HAVE_SYS_TYPES_H 1
| #define HAVE_SYS_STAT_H 1
| #define HAVE_STDLIB_H 1
| #define HAVE_STRING_H 1
| #define HAVE_MEMORY_H 1
| #define HAVE_STRINGS_H 1
| #define HAVE_INTTYPES_H 1
| #define HAVE_STDINT_H 1
| #define HAVE_UNISTD_H 1
| #define HAVE_STRING_H 1
| /* end confdefs.h.  */
| #include <list>
| 	#include <hash_map>
| 	template <class _T> class tlist : public list <_T> {};
| 
| int
| main ()
| {
| return 0;
| 
|   ;
|   return 0;
| }
configure:4163: result: no
configure:4421: checking for tcl.h
configure:4467: result: -I../include
configure:4473: checking for tclInt.h
configure:4519: result: -I../include
configure:4525: checking for libtcl8.4
configure:4587: result: -L../lib -ltcl8.4
configure:4593: checking for init.tcl
configure:4630: result: ../lib/tcl8.4
configure:4647: checking for http.tcl
configure:4684: result: ../lib/tcl8.4/http1.0
configure:4689: checking Tcl http.tcl library
configure:4693: result: yes
configure:4714: checking for tclsh8.4.18
configure:4747: result: no
configure:4714: checking for tclsh8.4
configure:4732: found ../bin/tclsh8.4
configure:4744: result: ../bin/tclsh8.4
configure:4974: checking for tk.h
configure:5020: result: -I../include
configure:5026: checking for libtk8.4
configure:5088: result: -L../lib -ltk8.4
configure:5094: checking for tk.tcl
configure:5131: result: ../lib/tk8.4
configure:5211: gcc -E  conftest.c
configure:5211: $? = 0
configure:5237: checking for XOpenDisplay in -lX11
configure:5262: gcc -o conftest -g -O2   conftest.c -lX11   >&5
configure:5262: $? = 0
configure:5271: result: yes
configure:5297: checking for XShmAttach in -lXext
configure:5322: gcc -o conftest -g -O2   conftest.c -lXext -lX11  >&5
configure:5322: $? = 0
configure:5331: result: yes
configure:5408: checking for ranlib
configure:5424: found /usr/bin/ranlib
configure:5435: result: ranlib
configure:5471: checking for a BSD-compatible install
configure:5539: result: /usr/bin/install -c
configure:5555: checking system version (for dynamic loading)
configure:5569: result: Linux-2.6.38-8-generic-pae
configure:5782: checking for dlopen in -ldl
configure:5807: gcc -o conftest -g -O2   conftest.c -ldl   >&5
configure:5807: $? = 0
configure:5816: result: yes
configure:6111: creating ./config.status

## ---------------------- ##
## Running config.status. ##
## ---------------------- ##

This file was extended by config.status, which was
generated by GNU Autoconf 2.67.  Invocation command line was

  CONFIG_FILES    = 
  CONFIG_HEADERS  = 
  CONFIG_LINKS    = 
  CONFIG_COMMANDS = 
  $ ./config.status 

on Optimus

config.status:791: creating Makefile

## ---------------- ##
## Cache variables. ##
## ---------------- ##

ac_cv_build=i686-pc-linux-gnu
ac_cv_c_compiler_gnu=yes
ac_cv_cxx_compiler_gnu=yes
ac_cv_env_CCC_set=
ac_cv_env_CCC_value=
ac_cv_env_CC_set=
ac_cv_env_CC_value=
ac_cv_env_CFLAGS_set=
ac_cv_env_CFLAGS_value=
ac_cv_env_CPPFLAGS_set=
ac_cv_env_CPPFLAGS_value=
ac_cv_env_CPP_set=
ac_cv_env_CPP_value=
ac_cv_env_CXXFLAGS_set=
ac_cv_env_CXXFLAGS_value=
ac_cv_env_CXX_set=
ac_cv_env_CXX_value=
ac_cv_env_LDFLAGS_set=
ac_cv_env_LDFLAGS_value=
ac_cv_env_LIBS_set=
ac_cv_env_LIBS_value=
ac_cv_env_build_alias_set=
ac_cv_env_build_alias_value=
ac_cv_env_host_alias_set=
ac_cv_env_host_alias_value=
ac_cv_env_target_alias_set=
ac_cv_env_target_alias_value=
ac_cv_header_inttypes_h=yes
ac_cv_header_memory_h=yes
ac_cv_header_stdc=yes
ac_cv_header_stdint_h=yes
ac_cv_header_stdlib_h=yes
ac_cv_header_string_h=yes
ac_cv_header_strings_h=yes
ac_cv_header_sys_stat_h=yes
ac_cv_header_sys_types_h=yes
ac_cv_header_unistd_h=yes
ac_cv_host=i686-pc-linux-gnu
ac_cv_lib_X11_XOpenDisplay=yes
ac_cv_lib_Xbsd_main=no
ac_cv_lib_Xext_XShmAttach=yes
ac_cv_lib_dl_dlopen=yes
ac_cv_lib_dnet_stub_getnodebyname=no
ac_cv_lib_intl_dcgettext=no
ac_cv_lib_nsl_gethostbyname=yes
ac_cv_lib_socket_socket=no
ac_cv_objext=o
ac_cv_path_EGREP='/bin/grep -E'
ac_cv_path_GREP=/bin/grep
ac_cv_path_V_TCLSH=../bin/tclsh8.4
ac_cv_path_install='/usr/bin/install -c'
ac_cv_prog_CPP='gcc -E'
ac_cv_prog_ac_ct_CC=gcc
ac_cv_prog_ac_ct_CXX=g++
ac_cv_prog_ac_ct_RANLIB=ranlib
ac_cv_prog_cc_c89=
ac_cv_prog_cc_g=yes
ac_cv_prog_cxx_g=yes
ac_cv_target=i686-pc-linux-gnu

## ----------------- ##
## Output variables. ##
## ----------------- ##

CC='gcc'
CFLAGS='-g -O2'
CPP='gcc -E'
CPPFLAGS=''
CXX='g++'
CXXFLAGS='-g -O2'
DEFS='-DPACKAGE_NAME=\"\" -DPACKAGE_TARNAME=\"\" -DPACKAGE_VERSION=\"\" -DPACKAGE_STRING=\"\" -DPACKAGE_BUGREPORT=\"\" -DPACKAGE_URL=\"\" -DSTDC_HEADERS=1 -DHAVE_SYS_TYPES_H=1 -DHAVE_SYS_STAT_H=1 -DHAVE_STDLIB_H=1 -DHAVE_STRING_H=1 -DHAVE_MEMORY_H=1 -DHAVE_STRINGS_H=1 -DHAVE_INTTYPES_H=1 -DHAVE_STDINT_H=1 -DHAVE_UNISTD_H=1 -DHAVE_STRING_H=1 -DHAVE_TCL_H=1 -DHAVE_TCLINT_H=1 -DHAVE_LIBTCL8_4=1 -DHAVE_TK_H=1 -DHAVE_LIBTK8_4=1'
DL_LIBS='-ldl'
ECHO_C=''
ECHO_N='-n'
ECHO_T=''
EGREP='/bin/grep -E'
EXEEXT=''
GREP='/bin/grep'
INSTALL_DATA='${INSTALL} -m 644'
INSTALL_PROGRAM='${INSTALL}'
INSTALL_SCRIPT='${INSTALL}'
INST_OLIBSH='NONE/lib'
LDFLAGS=''
LIBOBJS=''
LIBS=''
LTLIBOBJS=''
OBJEXT='o'
PACKAGE_BUGREPORT=''
PACKAGE_NAME=''
PACKAGE_STRING=''
PACKAGE_TARNAME=''
PACKAGE_URL=''
PACKAGE_VERSION=''
PATH_SEPARATOR=':'
RANLIB='ranlib'
SHELL='/bin/bash'
SHLD_FLAGS=''
SHLIB_CFLAGS='-fpic'
SHLIB_LD='gcc -shared'
SHLIB_SUFFIX='.so'
V_ALL='otclsh'
V_AR='ar cr'
V_BROKEN_OBJ='strtol.o strtoul.o'
V_CCOPT=''
V_DEFINE=' -DNDEBUG -DUSE_SHM'
V_DEFINES='-DHAVE_LIBTK8_4 -DHAVE_TK_H -DHAVE_LIBTCL8_4 -DHAVE_TCLINT_H -DHAVE_TCL_H '
V_INCLUDE=''
V_INCLUDES='-I//home/gokul/ns2/ns-allinone-2.34/include -I//home/gokul/ns2/ns-allinone-2.34/include -I//home/gokul/ns2/ns-allinone-2.34/include'
V_INCLUDE_X11=''
V_LIB=' -lnsl -ldl'
V_LIBRARY_TCL='../lib/tcl8.4'
V_LIBRARY_TK='../lib/tk8.4'
V_LIBS='-L//home/gokul/ns2/ns-allinone-2.34/lib -ltk8.4 -L//home/gokul/ns2/ns-allinone-2.34/lib -ltcl8.4'
V_LIB_OTCL=''
V_LIB_TCL='-L//home/gokul/ns2/ns-allinone-2.34/lib -ltcl8.4'
V_LIB_TCLCL=''
V_LIB_TK='-L//home/gokul/ns2/ns-allinone-2.34/lib -ltk8.4'
V_LIB_X11='-lXext -lX11'
V_LSSCRIPT=''
V_NS_TCL_LIB_STL=''
V_OBJ=''
V_OBJ_CRYPT=''
V_RANLIB='ranlib'
V_SHELL=''
V_SIGRET='void'
V_STATIC=''
V_STLOBJ=''
V_TARCMD='tar cfh'
V_TAR_EXTRA=''
V_TAR_TARGET='linux-gnu'
V_TCLSH='//home/gokul/ns2/ns-allinone-2.34/bin/tclsh8.4'
V_TCL_LIBRARY_FILES='$(TCL_BASE_LIBRARY_FILES) ../lib/tcl8.4/http1.0/http.tcl'
V_TKDOSNAMES='$(LIBRARY_TK)/optMenu.tcl $(LIBRARY_TK)/scrlbar.tcl'
ac_ct_CC='gcc'
ac_ct_CXX='g++'
bindir='${exec_prefix}/bin'
build='i686-pc-linux-gnu'
build_alias=''
build_cpu='i686'
build_os='linux-gnu'
build_vendor='pc'
datadir='${datarootdir}'
datarootdir='${prefix}/share'
docdir='${datarootdir}/doc/${PACKAGE}'
dvidir='${docdir}'
exec_prefix='${prefix}'
host='i686-pc-linux-gnu'
host_alias=''
host_cpu='i686'
host_os='linux-gnu'
host_vendor='pc'
htmldir='${docdir}'
includedir='${prefix}/include'
infodir='${datarootdir}/info'
libdir='${exec_prefix}/lib'
libexecdir='${exec_prefix}/libexec'
localedir='${datarootdir}/locale'
localstatedir='${prefix}/var'
mandir='${datarootdir}/man'
oldincludedir='/usr/include'
pdfdir='${docdir}'
prefix='/usr/local'
program_transform_name='s,x,x,'
psdir='${docdir}'
sbindir='${exec_prefix}/sbin'
sharedstatedir='${prefix}/com'
sysconfdir='${prefix}/etc'
target='i686-pc-linux-gnu'
target_alias=''
target_cpu='i686'
target_os='linux-gnu'
target_vendor='pc'

## ----------- ##
## confdefs.h. ##
## ----------- ##

/* confdefs.h */
#define PACKAGE_NAME ""
#define PACKAGE_TARNAME ""
#define PACKAGE_VERSION ""
#define PACKAGE_STRING ""
#define PACKAGE_BUGREPORT ""
#define PACKAGE_URL ""
#define STDC_HEADERS 1
#define HAVE_SYS_TYPES_H 1
#define HAVE_SYS_STAT_H 1
#define HAVE_STDLIB_H 1
#define HAVE_STRING_H 1
#define HAVE_MEMORY_H 1
#define HAVE_STRINGS_H 1
#define HAVE_INTTYPES_H 1
#define HAVE_STDINT_H 1
#define HAVE_UNISTD_H 1
#define HAVE_STRING_H 1
#define HAVE_TCL_H 1
#define HAVE_TCLINT_H 1
#define HAVE_LIBTCL8_4 1
#define HAVE_TK_H 1
#define HAVE_LIBTK8_4 1

configure: exit 0
