This file contains any messages produced by compilers while
running configure, to aid debugging if configure makes a mistake.

It was created by configure, which was
generated by GNU Autoconf 2.67.  Invocation command line was

  $ ./configure --enable-gcc --enable-symbols --disable-shared --prefix=//home/gokul/ns2/ns-allinone-2.34

## --------- ##
## Platform. ##
## --------- ##

hostname = Optimus
uname -m = i686
uname -r = 2.6.38-8-generic-pae
uname -s = Linux
uname -v = #42-Ubuntu SMP Mon Apr 11 05:17:09 UTC 2011

/usr/bin/uname -p = unknown
/bin/uname -X     = unknown

/bin/arch              = unknown
/usr/bin/arch -k       = unknown
/usr/convex/getsysinfo = unknown
/usr/bin/hostinfo      = unknown
/bin/machine           = unknown
/usr/bin/oslevel       = unknown
/bin/universe          = unknown

PATH: //home/gokul/ns2/ns-allinone-2.34/bin
PATH: /usr/local/sbin
PATH: /usr/local/bin
PATH: /usr/sbin
PATH: /usr/bin
PATH: /sbin
PATH: /bin
PATH: /usr/games
PATH: /home/gokul/ns2/ns-allinone-2.34/bin
PATH: /home/gokul/ns2/ns-allinone-2.34/tcl8.4.18/unix
PATH: /home/gokul/ns2/ns-allinone-2.34/tk8.4.18/unix


## ----------- ##
## Core tests. ##
## ----------- ##

configure:2345: checking whether to use symlinks for manpages
configure:2354: result: no
configure:2357: checking whether to compress the manpages
configure:2370: result: no
configure:2384: checking whether to add a package name suffix for the manpages
configure:2397: result: no
configure:2461: checking for gcc
configure:2477: found /usr/bin/gcc
configure:2488: result: gcc
configure:2717: checking for C compiler version
configure:2726: gcc --version >&5
gcc (Ubuntu/Linaro 4.5.2-8ubuntu4) 4.5.2
Copyright (C) 2010 Free Software Foundation, Inc.
This is free software; see the source for copying conditions.  There is NO
warranty; not even for MERCHANTABILITY or FITNESS FOR A PARTICULAR PURPOSE.

configure:2737: $? = 0
configure:2726: gcc -v >&5
Using built-in specs.
COLLECT_GCC=gcc
COLLECT_LTO_WRAPPER=/usr/lib/i386-linux-gnu/gcc/i686-linux-gnu/4.5.2/lto-wrapper
Target: i686-linux-gnu
Configured with: ../src/configure -v --with-pkgversion='Ubuntu/Linaro 4.5.2-8ubuntu4' --with-bugurl=file:///usr/share/doc/gcc-4.5/README.Bugs --enable-languages=c,c++,fortran,objc,obj-c++ --prefix=/usr --program-suffix=-4.5 --enable-shared --enable-multiarch --with-multiarch-defaults=i386-linux-gnu --enable-linker-build-id --with-system-zlib --libexecdir=/usr/lib/i386-linux-gnu --without-included-gettext --enable-threads=posix --with-gxx-include-dir=/usr/include/c++/4.5 --libdir=/usr/lib/i386-linux-gnu --enable-nls --with-sysroot=/ --enable-clocale=gnu --enable-libstdcxx-debug --enable-libstdcxx-time=yes --enable-plugin --enable-gold --enable-ld=default --with-plugin-ld=ld.gold --enable-objc-gc --enable-targets=all --disable-werror --with-arch-32=i686 --with-tune=generic --enable-checking=release --build=i686-linux-gnu --host=i686-linux-gnu --target=i686-linux-gnu
Thread model: posix
gcc version 4.5.2 (Ubuntu/Linaro 4.5.2-8ubuntu4) 
configure:2737: $? = 0
configure:2726: gcc -V >&5
gcc: '-V' option must have argument
configure:2737: $? = 1
configure:2726: gcc -qversion >&5
gcc: unrecognized option '-qversion'
gcc: no input files
configure:2737: $? = 1
configure:2757: checking whether the C compiler works
configure:2779: gcc    conftest.c  >&5
configure:2783: $? = 0
configure:2831: result: yes
configure:2834: checking for C compiler default output file name
configure:2836: result: a.out
configure:2842: checking for suffix of executables
configure:2849: gcc -o conftest    conftest.c  >&5
configure:2853: $? = 0
configure:2875: result: 
configure:2897: checking whether we are cross compiling
configure:2905: gcc -o conftest    conftest.c  >&5
configure:2909: $? = 0
configure:2916: ./conftest
configure:2920: $? = 0
configure:2935: result: no
configure:2940: checking for suffix of object files
configure:2962: gcc -c   conftest.c >&5
configure:2966: $? = 0
configure:2987: result: o
configure:2991: checking whether we are using the GNU C compiler
configure:3010: gcc -c   conftest.c >&5
configure:3010: $? = 0
configure:3019: result: yes
configure:3028: checking whether gcc accepts -g
configure:3048: gcc -c -g  conftest.c >&5
configure:3048: $? = 0
configure:3089: result: yes
configure:3106: checking for gcc option to accept ISO C89
configure:3170: gcc  -c   conftest.c >&5
configure:3170: $? = 0
configure:3183: result: none needed
configure:3219: checking how to run the C preprocessor
configure:3250: gcc -E  conftest.c
configure:3250: $? = 0
configure:3264: gcc -E  conftest.c
conftest.c:9:28: fatal error: ac_nonexistent.h: No such file or directory
compilation terminated.
configure:3264: $? = 1
configure: failed program was:
| /* confdefs.h */
| #define PACKAGE_NAME ""
| #define PACKAGE_TARNAME ""
| #define PACKAGE_VERSION ""
| #define PACKAGE_STRING ""
| #define PACKAGE_BUGREPORT ""
| #define PACKAGE_URL ""
| /* end confdefs.h.  */
| #include <ac_nonexistent.h>
configure:3289: result: gcc -E
configure:3309: gcc -E  conftest.c
configure:3309: $? = 0
configure:3323: gcc -E  conftest.c
conftest.c:9:28: fatal error: ac_nonexistent.h: No such file or directory
compilation terminated.
configure:3323: $? = 1
configure: failed program was:
| /* confdefs.h */
| #define PACKAGE_NAME ""
| #define PACKAGE_TARNAME ""
| #define PACKAGE_VERSION ""
| #define PACKAGE_STRING ""
| #define PACKAGE_BUGREPORT ""
| #define PACKAGE_URL ""
| /* end confdefs.h.  */
| #include <ac_nonexistent.h>
configure:3352: checking for grep that handles long lines and -e
configure:3410: result: /bin/grep
configure:3415: checking for egrep
configure:3477: result: /bin/grep -E
configure:3482: checking for ANSI C header files
configure:3502: gcc -c   conftest.c >&5
configure:3502: $? = 0
configure:3575: gcc -o conftest    conftest.c  >&5
configure:3575: $? = 0
configure:3575: ./conftest
configure:3575: $? = 0
configure:3586: result: yes
configure:3599: checking for sys/types.h
configure:3599: gcc -c   conftest.c >&5
configure:3599: $? = 0
configure:3599: result: yes
configure:3599: checking for sys/stat.h
configure:3599: gcc -c   conftest.c >&5
configure:3599: $? = 0
configure:3599: result: yes
configure:3599: checking for stdlib.h
configure:3599: gcc -c   conftest.c >&5
configure:3599: $? = 0
configure:3599: result: yes
configure:3599: checking for string.h
configure:3599: gcc -c   conftest.c >&5
configure:3599: $? = 0
configure:3599: result: yes
configure:3599: checking for memory.h
configure:3599: gcc -c   conftest.c >&5
configure:3599: $? = 0
configure:3599: result: yes
configure:3599: checking for strings.h
configure:3599: gcc -c   conftest.c >&5
configure:3599: $? = 0
configure:3599: result: yes
configure:3599: checking for inttypes.h
configure:3599: gcc -c   conftest.c >&5
configure:3599: $? = 0
configure:3599: result: yes
configure:3599: checking for stdint.h
configure:3599: gcc -c   conftest.c >&5
configure:3599: $? = 0
configure:3599: result: yes
configure:3599: checking for unistd.h
configure:3599: gcc -c   conftest.c >&5
configure:3599: $? = 0
configure:3599: result: yes
configure:3612: checking dirent.h
configure:3648: gcc -o conftest    conftest.c  >&5
configure:3648: $? = 0
configure:3656: result: yes
configure:3664: checking errno.h usability
configure:3664: gcc -c   conftest.c >&5
configure:3664: $? = 0
configure:3664: result: yes
configure:3664: checking errno.h presence
configure:3664: gcc -E  conftest.c
configure:3664: $? = 0
configure:3664: result: yes
configure:3664: checking for errno.h
configure:3664: result: yes
configure:3673: checking float.h usability
configure:3673: gcc -c   conftest.c >&5
configure:3673: $? = 0
configure:3673: result: yes
configure:3673: checking float.h presence
configure:3673: gcc -E  conftest.c
configure:3673: $? = 0
configure:3673: result: yes
configure:3673: checking for float.h
configure:3673: result: yes
configure:3682: checking values.h usability
configure:3682: gcc -c   conftest.c >&5
configure:3682: $? = 0
configure:3682: result: yes
configure:3682: checking values.h presence
configure:3682: gcc -E  conftest.c
configure:3682: $? = 0
configure:3682: result: yes
configure:3682: checking for values.h
configure:3682: result: yes
configure:3691: checking limits.h usability
configure:3691: gcc -c   conftest.c >&5
configure:3691: $? = 0
configure:3691: result: yes
configure:3691: checking limits.h presence
configure:3691: gcc -E  conftest.c
configure:3691: $? = 0
configure:3691: result: yes
configure:3691: checking for limits.h
configure:3691: result: yes
configure:3701: checking for stdlib.h
configure:3701: result: yes
configure:3752: checking for string.h
configure:3752: result: yes
configure:3795: checking sys/wait.h usability
configure:3795: gcc -c   conftest.c >&5
configure:3795: $? = 0
configure:3795: result: yes
configure:3795: checking sys/wait.h presence
configure:3795: gcc -E  conftest.c
configure:3795: $? = 0
configure:3795: result: yes
configure:3795: checking for sys/wait.h
configure:3795: result: yes
configure:3804: checking dlfcn.h usability
configure:3804: gcc -c   conftest.c >&5
configure:3804: $? = 0
configure:3804: result: yes
configure:3804: checking dlfcn.h presence
configure:3804: gcc -E  conftest.c
configure:3804: $? = 0
configure:3804: result: yes
configure:3804: checking for dlfcn.h
configure:3804: result: yes
configure:3818: checking for unistd.h
configure:3818: result: yes
configure:3818: checking sys/param.h usability
configure:3818: gcc -c   conftest.c >&5
configure:3818: $? = 0
configure:3818: result: yes
configure:3818: checking sys/param.h presence
configure:3818: gcc -E  conftest.c
configure:3818: $? = 0
configure:3818: result: yes
configure:3818: checking for sys/param.h
configure:3818: result: yes
configure:3836: checking if the compiler understands -pipe
configure:3854: gcc -c  -pipe  conftest.c >&5
configure:3854: $? = 0
configure:3862: result: yes
configure:4171: checking for building with threads
configure:4185: result: no (default)
configure:4204: checking for sin
configure:4204: gcc -o conftest  -pipe   conftest.c  >&5
conftest.c:45:6: warning: conflicting types for built-in function 'sin'
/tmp/ccajnY8O.o: In function `main':
conftest.c:(.text+0x7): undefined reference to `sin'
collect2: ld returned 1 exit status
configure:4204: $? = 1
configure: failed program was:
| /* confdefs.h */
| #define PACKAGE_NAME ""
| #define PACKAGE_TARNAME ""
| #define PACKAGE_VERSION ""
| #define PACKAGE_STRING ""
| #define PACKAGE_BUGREPORT ""
| #define PACKAGE_URL ""
| #define STDC_HEADERS 1
| #define HAVE_SYS_TYPES_H 1
| #define HAVE_SYS_STAT_H 1
| #define HAVE_STDLIB_H 1
| #define HAVE_STRING_H 1
| #define HAVE_MEMORY_H 1
| #define HAVE_STRINGS_H 1
| #define HAVE_INTTYPES_H 1
| #define HAVE_STDINT_H 1
| #define HAVE_UNISTD_H 1
| #define HAVE_LIMITS_H 1
| #define HAVE_UNISTD_H 1
| #define HAVE_SYS_PARAM_H 1
| /* end confdefs.h.  */
| /* Define sin to an innocuous variant, in case <limits.h> declares sin.
|    For example, HP-UX 11i <limits.h> declares gettimeofday.  */
| #define sin innocuous_sin
| 
| /* System header to define __stub macros and hopefully few prototypes,
|     which can conflict with char sin (); below.
|     Prefer <limits.h> to <assert.h> if __STDC__ is defined, since
|     <limits.h> exists even on freestanding compilers.  */
| 
| #ifdef __STDC__
| # include <limits.h>
| #else
| # include <assert.h>
| #endif
| 
| #undef sin
| 
| /* Override any GCC internal prototype to avoid an error.
|    Use char because int might match the return type of a GCC
|    builtin and then its argument prototype would still apply.  */
| #ifdef __cplusplus
| extern "C"
| #endif
| char sin ();
| /* The GNU C library defines this for functions which it implements
|     to always fail with ENOSYS.  Some functions are actually named
|     something starting with __ and the normal name is an alias.  */
| #if defined __stub_sin || defined __stub___sin
| choke me
| #endif
| 
| int
| main ()
| {
| return sin ();
|   ;
|   return 0;
| }
configure:4204: result: no
configure:4211: checking for main in -lieee
configure:4230: gcc -o conftest  -pipe   conftest.c -lieee   >&5
configure:4230: $? = 0
configure:4239: result: yes
configure:4251: checking for main in -linet
configure:4270: gcc -o conftest  -pipe   conftest.c -linet   >&5
/usr/bin/ld: cannot find -linet
collect2: ld returned 1 exit status
configure:4270: $? = 1
configure: failed program was:
| /* confdefs.h */
| #define PACKAGE_NAME ""
| #define PACKAGE_TARNAME ""
| #define PACKAGE_VERSION ""
| #define PACKAGE_STRING ""
| #define PACKAGE_BUGREPORT ""
| #define PACKAGE_URL ""
| #define STDC_HEADERS 1
| #define HAVE_SYS_TYPES_H 1
| #define HAVE_SYS_STAT_H 1
| #define HAVE_STDLIB_H 1
| #define HAVE_STRING_H 1
| #define HAVE_MEMORY_H 1
| #define HAVE_STRINGS_H 1
| #define HAVE_INTTYPES_H 1
| #define HAVE_STDINT_H 1
| #define HAVE_UNISTD_H 1
| #define HAVE_LIMITS_H 1
| #define HAVE_UNISTD_H 1
| #define HAVE_SYS_PARAM_H 1
| /* end confdefs.h.  */
| 
| 
| int
| main ()
| {
| return main ();
|   ;
|   return 0;
| }
configure:4279: result: no
configure:4285: checking net/errno.h usability
configure:4285: gcc -c  -pipe  conftest.c >&5
conftest.c:55:23: fatal error: net/errno.h: No such file or directory
compilation terminated.
configure:4285: $? = 1
configure: failed program was:
| /* confdefs.h */
| #define PACKAGE_NAME ""
| #define PACKAGE_TARNAME ""
| #define PACKAGE_VERSION ""
| #define PACKAGE_STRING ""
| #define PACKAGE_BUGREPORT ""
| #define PACKAGE_URL ""
| #define STDC_HEADERS 1
| #define HAVE_SYS_TYPES_H 1
| #define HAVE_SYS_STAT_H 1
| #define HAVE_STDLIB_H 1
| #define HAVE_STRING_H 1
| #define HAVE_MEMORY_H 1
| #define HAVE_STRINGS_H 1
| #define HAVE_INTTYPES_H 1
| #define HAVE_STDINT_H 1
| #define HAVE_UNISTD_H 1
| #define HAVE_LIMITS_H 1
| #define HAVE_UNISTD_H 1
| #define HAVE_SYS_PARAM_H 1
| /* end confdefs.h.  */
| #include <stdio.h>
| #ifdef HAVE_SYS_TYPES_H
| # include <sys/types.h>
| #endif
| #ifdef HAVE_SYS_STAT_H
| # include <sys/stat.h>
| #endif
| #ifdef STDC_HEADERS
| # include <stdlib.h>
| # include <stddef.h>
| #else
| # ifdef HAVE_STDLIB_H
| #  include <stdlib.h>
| # endif
| #endif
| #ifdef HAVE_STRING_H
| # if !defined STDC_HEADERS && defined HAVE_MEMORY_H
| #  include <memory.h>
| # endif
| # include <string.h>
| #endif
| #ifdef HAVE_STRINGS_H
| # include <strings.h>
| #endif
| #ifdef HAVE_INTTYPES_H
| # include <inttypes.h>
| #endif
| #ifdef HAVE_STDINT_H
| # include <stdint.h>
| #endif
| #ifdef HAVE_UNISTD_H
| # include <unistd.h>
| #endif
| #include <net/errno.h>
configure:4285: result: no
configure:4285: checking net/errno.h presence
configure:4285: gcc -E  conftest.c
conftest.c:22:23: fatal error: net/errno.h: No such file or directory
compilation terminated.
configure:4285: $? = 1
configure: failed program was:
| /* confdefs.h */
| #define PACKAGE_NAME ""
| #define PACKAGE_TARNAME ""
| #define PACKAGE_VERSION ""
| #define PACKAGE_STRING ""
| #define PACKAGE_BUGREPORT ""
| #define PACKAGE_URL ""
| #define STDC_HEADERS 1
| #define HAVE_SYS_TYPES_H 1
| #define HAVE_SYS_STAT_H 1
| #define HAVE_STDLIB_H 1
| #define HAVE_STRING_H 1
| #define HAVE_MEMORY_H 1
| #define HAVE_STRINGS_H 1
| #define HAVE_INTTYPES_H 1
| #define HAVE_STDINT_H 1
| #define HAVE_UNISTD_H 1
| #define HAVE_LIMITS_H 1
| #define HAVE_UNISTD_H 1
| #define HAVE_SYS_PARAM_H 1
| /* end confdefs.h.  */
| #include <net/errno.h>
configure:4285: result: no
configure:4285: checking for net/errno.h
configure:4285: result: no
configure:4312: checking for connect
configure:4312: gcc -o conftest  -pipe   conftest.c  >&5
configure:4312: $? = 0
configure:4312: result: yes
configure:4380: checking for gethostbyname
configure:4380: gcc -o conftest  -pipe   conftest.c  >&5
configure:4380: $? = 0
configure:4380: result: yes
configure:4439: checking how to build libraries
configure:4461: result: static
configure:4518: checking for ranlib
configure:4534: found /usr/bin/ranlib
configure:4545: result: ranlib
configure:4571: checking if 64bit support is requested
configure:4580: result: no
configure:4585: checking if 64bit Sparc VIS support is requested
configure:4594: result: no
configure:4606: checking system version
configure:4634: result: Linux-2.6.38-8-generic-pae
configure:4642: checking for dlopen in -ldl
configure:4667: gcc -o conftest  -pipe   conftest.c -ldl   >&5
configure:4667: $? = 0
configure:4676: result: yes
configure:4710: checking for ar
configure:4726: found /usr/bin/ar
configure:4737: result: ar
configure:6484: checking for build with symbols
configure:6505: result: yes (standard debugging)
configure:6542: checking for required early compiler flags
configure:6560: gcc -c  -pipe  conftest.c >&5
configure:6560: $? = 0
configure:6606: gcc -c  -pipe  conftest.c >&5
conftest.c: In function 'main':
conftest.c:28:15: error: storage size of 'buf' isn't known
configure:6606: $? = 1
configure: failed program was:
| /* confdefs.h */
| #define PACKAGE_NAME ""
| #define PACKAGE_TARNAME ""
| #define PACKAGE_VERSION ""
| #define PACKAGE_STRING ""
| #define PACKAGE_BUGREPORT ""
| #define PACKAGE_URL ""
| #define STDC_HEADERS 1
| #define HAVE_SYS_TYPES_H 1
| #define HAVE_SYS_STAT_H 1
| #define HAVE_STDLIB_H 1
| #define HAVE_STRING_H 1
| #define HAVE_MEMORY_H 1
| #define HAVE_STRINGS_H 1
| #define HAVE_INTTYPES_H 1
| #define HAVE_STDINT_H 1
| #define HAVE_UNISTD_H 1
| #define HAVE_LIMITS_H 1
| #define HAVE_UNISTD_H 1
| #define HAVE_SYS_PARAM_H 1
| #define STATIC_BUILD 1
| #define PEEK_XCLOSEIM 1
| /* end confdefs.h.  */
| #include <sys/stat.h>
| int
| main ()
| {
| struct stat64 buf; int i = stat64("/", &buf);
|   ;
|   return 0;
| }
configure:6621: gcc -c  -pipe  conftest.c >&5
configure:6621: $? = 0
configure:6652: gcc -c  -pipe  conftest.c >&5
conftest.c: In function 'main':
conftest.c:29:19: error: 'open64' undeclared (first use in this function)
conftest.c:29:19: note: each undeclared identifier is reported only once for each function it appears in
configure:6652: $? = 1
configure: failed program was:
| /* confdefs.h */
| #define PACKAGE_NAME ""
| #define PACKAGE_TARNAME ""
| #define PACKAGE_VERSION ""
| #define PACKAGE_STRING ""
| #define PACKAGE_BUGREPORT ""
| #define PACKAGE_URL ""
| #define STDC_HEADERS 1
| #define HAVE_SYS_TYPES_H 1
| #define HAVE_SYS_STAT_H 1
| #define HAVE_STDLIB_H 1
| #define HAVE_STRING_H 1
| #define HAVE_MEMORY_H 1
| #define HAVE_STRINGS_H 1
| #define HAVE_INTTYPES_H 1
| #define HAVE_STDINT_H 1
| #define HAVE_UNISTD_H 1
| #define HAVE_LIMITS_H 1
| #define HAVE_UNISTD_H 1
| #define HAVE_SYS_PARAM_H 1
| #define STATIC_BUILD 1
| #define PEEK_XCLOSEIM 1
| #define _LARGEFILE64_SOURCE 1
| /* end confdefs.h.  */
| #include <sys/stat.h>
| int
| main ()
| {
| char *p = (char *)open64;
|   ;
|   return 0;
| }
configure:6667: gcc -c  -pipe  conftest.c >&5
conftest.c: In function 'main':
conftest.c:30:19: error: 'open64' undeclared (first use in this function)
conftest.c:30:19: note: each undeclared identifier is reported only once for each function it appears in
configure:6667: $? = 1
configure: failed program was:
| /* confdefs.h */
| #define PACKAGE_NAME ""
| #define PACKAGE_TARNAME ""
| #define PACKAGE_VERSION ""
| #define PACKAGE_STRING ""
| #define PACKAGE_BUGREPORT ""
| #define PACKAGE_URL ""
| #define STDC_HEADERS 1
| #define HAVE_SYS_TYPES_H 1
| #define HAVE_SYS_STAT_H 1
| #define HAVE_STDLIB_H 1
| #define HAVE_STRING_H 1
| #define HAVE_MEMORY_H 1
| #define HAVE_STRINGS_H 1
| #define HAVE_INTTYPES_H 1
| #define HAVE_STDINT_H 1
| #define HAVE_UNISTD_H 1
| #define HAVE_LIMITS_H 1
| #define HAVE_UNISTD_H 1
| #define HAVE_SYS_PARAM_H 1
| #define STATIC_BUILD 1
| #define PEEK_XCLOSEIM 1
| #define _LARGEFILE64_SOURCE 1
| /* end confdefs.h.  */
| #define _LARGEFILE_SOURCE64 1
| #include <sys/stat.h>
| int
| main ()
| {
| char *p = (char *)open64;
|   ;
|   return 0;
| }
configure:6687: result:  _LARGEFILE64_SOURCE
configure:6693: checking for 64-bit integer type
configure:6712: gcc -c  -pipe  conftest.c >&5
conftest.c: In function 'main':
conftest.c:29:1: error: '__int64' undeclared (first use in this function)
conftest.c:29:1: note: each undeclared identifier is reported only once for each function it appears in
conftest.c:29:9: error: expected ';' before 'value'
configure:6712: $? = 1
configure: failed program was:
| /* confdefs.h */
| #define PACKAGE_NAME ""
| #define PACKAGE_TARNAME ""
| #define PACKAGE_VERSION ""
| #define PACKAGE_STRING ""
| #define PACKAGE_BUGREPORT ""
| #define PACKAGE_URL ""
| #define STDC_HEADERS 1
| #define HAVE_SYS_TYPES_H 1
| #define HAVE_SYS_STAT_H 1
| #define HAVE_STDLIB_H 1
| #define HAVE_STRING_H 1
| #define HAVE_MEMORY_H 1
| #define HAVE_STRINGS_H 1
| #define HAVE_INTTYPES_H 1
| #define HAVE_STDINT_H 1
| #define HAVE_UNISTD_H 1
| #define HAVE_LIMITS_H 1
| #define HAVE_UNISTD_H 1
| #define HAVE_SYS_PARAM_H 1
| #define STATIC_BUILD 1
| #define PEEK_XCLOSEIM 1
| #define _LARGEFILE64_SOURCE 1
| /* end confdefs.h.  */
| 
| int
| main ()
| {
| __int64 value = (__int64) 0;
|   ;
|   return 0;
| }
configure:6734: gcc -c  -pipe  conftest.c >&5
configure:6734: $? = 0
configure:6750: result: long long
configure:6754: checking for struct dirent64
configure:6772: gcc -c  -pipe  conftest.c >&5
conftest.c:27:24: fatal error: sys/dirent.h: No such file or directory
compilation terminated.
configure:6772: $? = 1
configure: failed program was:
| /* confdefs.h */
| #define PACKAGE_NAME ""
| #define PACKAGE_TARNAME ""
| #define PACKAGE_VERSION ""
| #define PACKAGE_STRING ""
| #define PACKAGE_BUGREPORT ""
| #define PACKAGE_URL ""
| #define STDC_HEADERS 1
| #define HAVE_SYS_TYPES_H 1
| #define HAVE_SYS_STAT_H 1
| #define HAVE_STDLIB_H 1
| #define HAVE_STRING_H 1
| #define HAVE_MEMORY_H 1
| #define HAVE_STRINGS_H 1
| #define HAVE_INTTYPES_H 1
| #define HAVE_STDINT_H 1
| #define HAVE_UNISTD_H 1
| #define HAVE_LIMITS_H 1
| #define HAVE_UNISTD_H 1
| #define HAVE_SYS_PARAM_H 1
| #define STATIC_BUILD 1
| #define PEEK_XCLOSEIM 1
| #define _LARGEFILE64_SOURCE 1
| #define TCL_WIDE_INT_TYPE long long
| /* end confdefs.h.  */
| #include <sys/types.h>
| #include <sys/dirent.h>
| int
| main ()
| {
| struct dirent64 p;
|   ;
|   return 0;
| }
configure:6779: result: no
configure:6786: checking for struct stat64
configure:6804: gcc -c  -pipe  conftest.c >&5
configure:6804: $? = 0
configure:6811: result: yes
configure:6821: checking for open64
configure:6821: gcc -o conftest  -pipe   -Wl,--export-dynamic conftest.c  >&5
configure:6821: $? = 0
configure:6821: result: yes
configure:6821: checking for lseek64
configure:6821: gcc -o conftest  -pipe   -Wl,--export-dynamic conftest.c  >&5
configure:6821: $? = 0
configure:6821: result: yes
configure:6830: checking for off64_t
configure:6848: gcc -c  -pipe  conftest.c >&5
configure:6848: $? = 0
configure:6861: result: yes
configure:6875: checking whether byte ordering is bigendian
configure:6890: gcc -c  -pipe  conftest.c >&5
conftest.c:31:13: error: expected '=', ',', ';', 'asm' or '__attribute__' before 'a'
configure:6890: $? = 1
configure: failed program was:
| /* confdefs.h */
| #define PACKAGE_NAME ""
| #define PACKAGE_TARNAME ""
| #define PACKAGE_VERSION ""
| #define PACKAGE_STRING ""
| #define PACKAGE_BUGREPORT ""
| #define PACKAGE_URL ""
| #define STDC_HEADERS 1
| #define HAVE_SYS_TYPES_H 1
| #define HAVE_SYS_STAT_H 1
| #define HAVE_STDLIB_H 1
| #define HAVE_STRING_H 1
| #define HAVE_MEMORY_H 1
| #define HAVE_STRINGS_H 1
| #define HAVE_INTTYPES_H 1
| #define HAVE_STDINT_H 1
| #define HAVE_UNISTD_H 1
| #define HAVE_LIMITS_H 1
| #define HAVE_UNISTD_H 1
| #define HAVE_SYS_PARAM_H 1
| #define STATIC_BUILD 1
| #define PEEK_XCLOSEIM 1
| #define _LARGEFILE64_SOURCE 1
| #define TCL_WIDE_INT_TYPE long long
| #define HAVE_STRUCT_STAT64 1
| #define HAVE_OPEN64 1
| #define HAVE_LSEEK64 1
| #define HAVE_TYPE_OFF64_T 1
| /* end confdefs.h.  */
| #ifndef __APPLE_CC__
| 	       not a universal capable compiler
| 	     #endif
| 	     typedef int dummy;
| 
configure:6935: gcc -c  -pipe  conftest.c >&5
configure:6935: $? = 0
configure:6953: gcc -c  -pipe  conftest.c >&5
conftest.c: In function 'main':
conftest.c:37:4: error: 'not' undeclared (first use in this function)
conftest.c:37:4: note: each undeclared identifier is reported only once for each function it appears in
conftest.c:37:8: error: expected ';' before 'big'
configure:6953: $? = 1
configure: failed program was:
| /* confdefs.h */
| #define PACKAGE_NAME ""
| #define PACKAGE_TARNAME ""
| #define PACKAGE_VERSION ""
| #define PACKAGE_STRING ""
| #define PACKAGE_BUGREPORT ""
| #define PACKAGE_URL ""
| #define STDC_HEADERS 1
| #define HAVE_SYS_TYPES_H 1
| #define HAVE_SYS_STAT_H 1
| #define HAVE_STDLIB_H 1
| #define HAVE_STRING_H 1
| #define HAVE_MEMORY_H 1
| #define HAVE_STRINGS_H 1
| #define HAVE_INTTYPES_H 1
| #define HAVE_STDINT_H 1
| #define HAVE_UNISTD_H 1
| #define HAVE_LIMITS_H 1
| #define HAVE_UNISTD_H 1
| #define HAVE_SYS_PARAM_H 1
| #define STATIC_BUILD 1
| #define PEEK_XCLOSEIM 1
| #define _LARGEFILE64_SOURCE 1
| #define TCL_WIDE_INT_TYPE long long
| #define HAVE_STRUCT_STAT64 1
| #define HAVE_OPEN64 1
| #define HAVE_LSEEK64 1
| #define HAVE_TYPE_OFF64_T 1
| /* end confdefs.h.  */
| #include <sys/types.h>
| 		#include <sys/param.h>
| 
| int
| main ()
| {
| #if BYTE_ORDER != BIG_ENDIAN
| 		 not big endian
| 		#endif
| 
|   ;
|   return 0;
| }
configure:7081: result: no
configure:7108: checking for getcwd
configure:7108: gcc -o conftest  -pipe   -Wl,--export-dynamic conftest.c  >&5
configure:7108: $? = 0
configure:7108: result: yes
configure:7123: checking for opendir
configure:7123: gcc -o conftest  -pipe   -Wl,--export-dynamic conftest.c  >&5
configure:7123: $? = 0
configure:7123: result: yes
configure:7136: checking for strstr
configure:7136: gcc -o conftest  -pipe   -Wl,--export-dynamic conftest.c  >&5
conftest.c:55:6: warning: conflicting types for built-in function 'strstr'
configure:7136: $? = 0
configure:7136: result: yes
configure:7149: checking for strtol
configure:7149: gcc -o conftest  -pipe   -Wl,--export-dynamic conftest.c  >&5
configure:7149: $? = 0
configure:7149: result: yes
configure:7162: checking for strtoll
configure:7162: gcc -o conftest  -pipe   -Wl,--export-dynamic conftest.c  >&5
configure:7162: $? = 0
configure:7162: result: yes
configure:7175: checking for strtoull
configure:7175: gcc -o conftest  -pipe   -Wl,--export-dynamic conftest.c  >&5
configure:7175: $? = 0
configure:7175: result: yes
configure:7188: checking for tmpnam
configure:7188: gcc -o conftest  -pipe   -Wl,--export-dynamic conftest.c  >&5
/tmp/cci7xHrU.o: In function `main':
conftest.c:(.text+0x7): warning: the use of `tmpnam' is dangerous, better use `mkstemp'
configure:7188: $? = 0
configure:7188: result: yes
configure:7201: checking for waitpid
configure:7201: gcc -o conftest  -pipe   -Wl,--export-dynamic conftest.c  >&5
configure:7201: $? = 0
configure:7201: result: yes
configure:7215: checking for strerror
configure:7215: gcc -o conftest  -pipe   -Wl,--export-dynamic conftest.c  >&5
configure:7215: $? = 0
configure:7215: result: yes
configure:7223: checking for getwd
configure:7223: gcc -o conftest  -pipe   -Wl,--export-dynamic conftest.c  >&5
/tmp/ccvgiYD0.o: In function `main':
conftest.c:(.text+0x7): warning: the `getwd' function is dangerous and should not be used.
configure:7223: $? = 0
configure:7223: result: yes
configure:7231: checking for wait3
configure:7231: gcc -o conftest  -pipe   -Wl,--export-dynamic conftest.c  >&5
configure:7231: $? = 0
configure:7231: result: yes
configure:7239: checking for uname
configure:7239: gcc -o conftest  -pipe   -Wl,--export-dynamic conftest.c  >&5
configure:7239: $? = 0
configure:7239: result: yes
configure:7254: checking for realpath
configure:7254: gcc -o conftest  -pipe   -Wl,--export-dynamic conftest.c  >&5
configure:7254: $? = 0
configure:7254: result: yes
configure:7903: checking sys/modem.h usability
configure:7903: gcc -c  -pipe  conftest.c >&5
conftest.c:71:23: fatal error: sys/modem.h: No such file or directory
compilation terminated.
configure:7903: $? = 1
configure: failed program was:
| /* confdefs.h */
| #define PACKAGE_NAME ""
| #define PACKAGE_TARNAME ""
| #define PACKAGE_VERSION ""
| #define PACKAGE_STRING ""
| #define PACKAGE_BUGREPORT ""
| #define PACKAGE_URL ""
| #define STDC_HEADERS 1
| #define HAVE_SYS_TYPES_H 1
| #define HAVE_SYS_STAT_H 1
| #define HAVE_STDLIB_H 1
| #define HAVE_STRING_H 1
| #define HAVE_MEMORY_H 1
| #define HAVE_STRINGS_H 1
| #define HAVE_INTTYPES_H 1
| #define HAVE_STDINT_H 1
| #define HAVE_UNISTD_H 1
| #define HAVE_LIMITS_H 1
| #define HAVE_UNISTD_H 1
| #define HAVE_SYS_PARAM_H 1
| #define STATIC_BUILD 1
| #define PEEK_XCLOSEIM 1
| #define _LARGEFILE64_SOURCE 1
| #define TCL_WIDE_INT_TYPE long long
| #define HAVE_STRUCT_STAT64 1
| #define HAVE_OPEN64 1
| #define HAVE_LSEEK64 1
| #define HAVE_TYPE_OFF64_T 1
| #define HAVE_GETCWD 1
| #define HAVE_OPENDIR 1
| #define HAVE_STRSTR 1
| #define HAVE_STRTOL 1
| #define HAVE_STRTOLL 1
| #define HAVE_STRTOULL 1
| #define HAVE_TMPNAM 1
| #define HAVE_WAITPID 1
| /* end confdefs.h.  */
| #include <stdio.h>
| #ifdef HAVE_SYS_TYPES_H
| # include <sys/types.h>
| #endif
| #ifdef HAVE_SYS_STAT_H
| # include <sys/stat.h>
| #endif
| #ifdef STDC_HEADERS
| # include <stdlib.h>
| # include <stddef.h>
| #else
| # ifdef HAVE_STDLIB_H
| #  include <stdlib.h>
| # endif
| #endif
| #ifdef HAVE_STRING_H
| # if !defined STDC_HEADERS && defined HAVE_MEMORY_H
| #  include <memory.h>
| # endif
| # include <string.h>
| #endif
| #ifdef HAVE_STRINGS_H
| # include <strings.h>
| #endif
| #ifdef HAVE_INTTYPES_H
| # include <inttypes.h>
| #endif
| #ifdef HAVE_STDINT_H
| # include <stdint.h>
| #endif
| #ifdef HAVE_UNISTD_H
| # include <unistd.h>
| #endif
| #include <sys/modem.h>
configure:7903: result: no
configure:7903: checking sys/modem.h presence
configure:7903: gcc -E  conftest.c
conftest.c:38:23: fatal error: sys/modem.h: No such file or directory
compilation terminated.
configure:7903: $? = 1
configure: failed program was:
| /* confdefs.h */
| #define PACKAGE_NAME ""
| #define PACKAGE_TARNAME ""
| #define PACKAGE_VERSION ""
| #define PACKAGE_STRING ""
| #define PACKAGE_BUGREPORT ""
| #define PACKAGE_URL ""
| #define STDC_HEADERS 1
| #define HAVE_SYS_TYPES_H 1
| #define HAVE_SYS_STAT_H 1
| #define HAVE_STDLIB_H 1
| #define HAVE_STRING_H 1
| #define HAVE_MEMORY_H 1
| #define HAVE_STRINGS_H 1
| #define HAVE_INTTYPES_H 1
| #define HAVE_STDINT_H 1
| #define HAVE_UNISTD_H 1
| #define HAVE_LIMITS_H 1
| #define HAVE_UNISTD_H 1
| #define HAVE_SYS_PARAM_H 1
| #define STATIC_BUILD 1
| #define PEEK_XCLOSEIM 1
| #define _LARGEFILE64_SOURCE 1
| #define TCL_WIDE_INT_TYPE long long
| #define HAVE_STRUCT_STAT64 1
| #define HAVE_OPEN64 1
| #define HAVE_LSEEK64 1
| #define HAVE_TYPE_OFF64_T 1
| #define HAVE_GETCWD 1
| #define HAVE_OPENDIR 1
| #define HAVE_STRSTR 1
| #define HAVE_STRTOL 1
| #define HAVE_STRTOLL 1
| #define HAVE_STRTOULL 1
| #define HAVE_TMPNAM 1
| #define HAVE_WAITPID 1
| /* end confdefs.h.  */
| #include <sys/modem.h>
configure:7903: result: no
configure:7903: checking for sys/modem.h
configure:7903: result: no
configure:7913: checking termios vs. termio vs. sgtty
configure:7937: gcc -o conftest  -pipe   -Wl,--export-dynamic conftest.c  >&5
configure:7937: $? = 0
configure:7937: ./conftest
configure:7937: $? = 1
configure: program exited with status 1
configure: failed program was:
| /* confdefs.h */
| #define PACKAGE_NAME ""
| #define PACKAGE_TARNAME ""
| #define PACKAGE_VERSION ""
| #define PACKAGE_STRING ""
| #define PACKAGE_BUGREPORT ""
| #define PACKAGE_URL ""
| #define STDC_HEADERS 1
| #define HAVE_SYS_TYPES_H 1
| #define HAVE_SYS_STAT_H 1
| #define HAVE_STDLIB_H 1
| #define HAVE_STRING_H 1
| #define HAVE_MEMORY_H 1
| #define HAVE_STRINGS_H 1
| #define HAVE_INTTYPES_H 1
| #define HAVE_STDINT_H 1
| #define HAVE_UNISTD_H 1
| #define HAVE_LIMITS_H 1
| #define HAVE_UNISTD_H 1
| #define HAVE_SYS_PARAM_H 1
| #define STATIC_BUILD 1
| #define PEEK_XCLOSEIM 1
| #define _LARGEFILE64_SOURCE 1
| #define TCL_WIDE_INT_TYPE long long
| #define HAVE_STRUCT_STAT64 1
| #define HAVE_OPEN64 1
| #define HAVE_LSEEK64 1
| #define HAVE_TYPE_OFF64_T 1
| #define HAVE_GETCWD 1
| #define HAVE_OPENDIR 1
| #define HAVE_STRSTR 1
| #define HAVE_STRTOL 1
| #define HAVE_STRTOLL 1
| #define HAVE_STRTOULL 1
| #define HAVE_TMPNAM 1
| #define HAVE_WAITPID 1
| /* end confdefs.h.  */
| 
| #include <termios.h>
| 
| int main() {
|     struct termios t;
|     if (tcgetattr(0, &t) == 0) {
| 	cfsetospeed(&t, 0);
| 	t.c_cflag |= PARENB | PARODD | CSIZE | CSTOPB;
| 	return 0;
|     }
|     return 1;
| }
configure:7964: gcc -o conftest  -pipe   -Wl,--export-dynamic conftest.c  >&5
configure:7964: $? = 0
configure:7964: ./conftest
configure:7964: $? = 1
configure: program exited with status 1
configure: failed program was:
| /* confdefs.h */
| #define PACKAGE_NAME ""
| #define PACKAGE_TARNAME ""
| #define PACKAGE_VERSION ""
| #define PACKAGE_STRING ""
| #define PACKAGE_BUGREPORT ""
| #define PACKAGE_URL ""
| #define STDC_HEADERS 1
| #define HAVE_SYS_TYPES_H 1
| #define HAVE_SYS_STAT_H 1
| #define HAVE_STDLIB_H 1
| #define HAVE_STRING_H 1
| #define HAVE_MEMORY_H 1
| #define HAVE_STRINGS_H 1
| #define HAVE_INTTYPES_H 1
| #define HAVE_STDINT_H 1
| #define HAVE_UNISTD_H 1
| #define HAVE_LIMITS_H 1
| #define HAVE_UNISTD_H 1
| #define HAVE_SYS_PARAM_H 1
| #define STATIC_BUILD 1
| #define PEEK_XCLOSEIM 1
| #define _LARGEFILE64_SOURCE 1
| #define TCL_WIDE_INT_TYPE long long
| #define HAVE_STRUCT_STAT64 1
| #define HAVE_OPEN64 1
| #define HAVE_LSEEK64 1
| #define HAVE_TYPE_OFF64_T 1
| #define HAVE_GETCWD 1
| #define HAVE_OPENDIR 1
| #define HAVE_STRSTR 1
| #define HAVE_STRTOL 1
| #define HAVE_STRTOLL 1
| #define HAVE_STRTOULL 1
| #define HAVE_TMPNAM 1
| #define HAVE_WAITPID 1
| /* end confdefs.h.  */
| 
| #include <termio.h>
| 
| int main() {
|     struct termio t;
|     if (ioctl(0, TCGETA, &t) == 0) {
| 	t.c_cflag |= CBAUD | PARENB | PARODD | CSIZE | CSTOPB;
| 	return 0;
|     }
|     return 1;
| }
configure:7993: gcc -o conftest  -pipe   -Wl,--export-dynamic conftest.c  >&5
conftest.c: In function 'main':
conftest.c:42:19: error: storage size of 't' isn't known
conftest.c:43:18: error: 'TIOCGETP' undeclared (first use in this function)
conftest.c:43:18: note: each undeclared identifier is reported only once for each function it appears in
conftest.c:45:16: error: 'ODDP' undeclared (first use in this function)
conftest.c:45:23: error: 'EVENP' undeclared (first use in this function)
conftest.c:45:31: error: 'RAW' undeclared (first use in this function)
configure:7993: $? = 1
configure: program exited with status 1
configure: failed program was:
| /* confdefs.h */
| #define PACKAGE_NAME ""
| #define PACKAGE_TARNAME ""
| #define PACKAGE_VERSION ""
| #define PACKAGE_STRING ""
| #define PACKAGE_BUGREPORT ""
| #define PACKAGE_URL ""
| #define STDC_HEADERS 1
| #define HAVE_SYS_TYPES_H 1
| #define HAVE_SYS_STAT_H 1
| #define HAVE_STDLIB_H 1
| #define HAVE_STRING_H 1
| #define HAVE_MEMORY_H 1
| #define HAVE_STRINGS_H 1
| #define HAVE_INTTYPES_H 1
| #define HAVE_STDINT_H 1
| #define HAVE_UNISTD_H 1
| #define HAVE_LIMITS_H 1
| #define HAVE_UNISTD_H 1
| #define HAVE_SYS_PARAM_H 1
| #define STATIC_BUILD 1
| #define PEEK_XCLOSEIM 1
| #define _LARGEFILE64_SOURCE 1
| #define TCL_WIDE_INT_TYPE long long
| #define HAVE_STRUCT_STAT64 1
| #define HAVE_OPEN64 1
| #define HAVE_LSEEK64 1
| #define HAVE_TYPE_OFF64_T 1
| #define HAVE_GETCWD 1
| #define HAVE_OPENDIR 1
| #define HAVE_STRSTR 1
| #define HAVE_STRTOL 1
| #define HAVE_STRTOLL 1
| #define HAVE_STRTOULL 1
| #define HAVE_TMPNAM 1
| #define HAVE_WAITPID 1
| /* end confdefs.h.  */
| 
| #include <sgtty.h>
| 
| int main() {
|     struct sgttyb t;
|     if (ioctl(0, TIOCGETP, &t) == 0) {
| 	t.sg_ospeed = 0;
| 	t.sg_flags |= ODDP | EVENP | RAW;
| 	return 0;
|     }
|     return 1;
| }
configure:8024: gcc -o conftest  -pipe   -Wl,--export-dynamic conftest.c  >&5
configure:8024: $? = 0
configure:8024: ./conftest
configure:8024: $? = 0
configure:8096: result: termios
configure:8118: checking for fd_set in sys/types
configure:8135: gcc -c  -pipe  conftest.c >&5
configure:8135: $? = 0
configure:8142: result: yes
configure:8183: checking whether struct tm is in sys/time.h or time.h
configure:8203: gcc -c  -pipe  conftest.c >&5
configure:8203: $? = 0
configure:8210: result: time.h
configure:8221: checking sys/time.h usability
configure:8221: gcc -c  -pipe  conftest.c >&5
configure:8221: $? = 0
configure:8221: result: yes
configure:8221: checking sys/time.h presence
configure:8221: gcc -E  conftest.c
configure:8221: $? = 0
configure:8221: result: yes
configure:8221: checking for sys/time.h
configure:8221: result: yes
configure:8231: checking whether time.h and sys/time.h may both be included
configure:8251: gcc -c  -pipe  conftest.c >&5
configure:8251: $? = 0
configure:8258: result: yes
configure:8266: checking for struct tm.tm_zone
configure:8266: gcc -c  -pipe  conftest.c >&5
configure:8266: $? = 0
configure:8266: result: yes
configure:8337: checking for gmtime_r
configure:8337: gcc -o conftest  -pipe   -Wl,--export-dynamic conftest.c  >&5
configure:8337: $? = 0
configure:8337: result: yes
configure:8337: checking for localtime_r
configure:8337: gcc -o conftest  -pipe   -Wl,--export-dynamic conftest.c  >&5
configure:8337: $? = 0
configure:8337: result: yes
configure:8347: checking tm_tzadj in struct tm
configure:8364: gcc -c  -pipe  conftest.c >&5
conftest.c: In function 'main':
conftest.c:49:17: error: 'struct tm' has no member named 'tm_tzadj'
configure:8364: $? = 1
configure: failed program was:
| /* confdefs.h */
| #define PACKAGE_NAME ""
| #define PACKAGE_TARNAME ""
| #define PACKAGE_VERSION ""
| #define PACKAGE_STRING ""
| #define PACKAGE_BUGREPORT ""
| #define PACKAGE_URL ""
| #define STDC_HEADERS 1
| #define HAVE_SYS_TYPES_H 1
| #define HAVE_SYS_STAT_H 1
| #define HAVE_STDLIB_H 1
| #define HAVE_STRING_H 1
| #define HAVE_MEMORY_H 1
| #define HAVE_STRINGS_H 1
| #define HAVE_INTTYPES_H 1
| #define HAVE_STDINT_H 1
| #define HAVE_UNISTD_H 1
| #define HAVE_LIMITS_H 1
| #define HAVE_UNISTD_H 1
| #define HAVE_SYS_PARAM_H 1
| #define STATIC_BUILD 1
| #define PEEK_XCLOSEIM 1
| #define _LARGEFILE64_SOURCE 1
| #define TCL_WIDE_INT_TYPE long long
| #define HAVE_STRUCT_STAT64 1
| #define HAVE_OPEN64 1
| #define HAVE_LSEEK64 1
| #define HAVE_TYPE_OFF64_T 1
| #define HAVE_GETCWD 1
| #define HAVE_OPENDIR 1
| #define HAVE_STRSTR 1
| #define HAVE_STRTOL 1
| #define HAVE_STRTOLL 1
| #define HAVE_STRTOULL 1
| #define HAVE_TMPNAM 1
| #define HAVE_WAITPID 1
| #define USE_TERMIOS 1
| #define HAVE_SYS_TIME_H 1
| #define TIME_WITH_SYS_TIME 1
| #define HAVE_STRUCT_TM_TM_ZONE 1
| #define HAVE_TM_ZONE 1
| #define HAVE_GMTIME_R 1
| #define HAVE_LOCALTIME_R 1
| /* end confdefs.h.  */
| #include <time.h>
| int
| main ()
| {
| struct tm tm; tm.tm_tzadj;
|   ;
|   return 0;
| }
configure:8371: result: no
configure:8378: checking tm_gmtoff in struct tm
configure:8395: gcc -c  -pipe  conftest.c >&5
configure:8395: $? = 0
configure:8402: result: yes
configure:8413: checking long timezone variable
configure:8432: gcc -c  -pipe  conftest.c >&5
conftest.c: In function 'main':
conftest.c:52:6: warning: incompatible implicit declaration of built-in function 'exit'
configure:8432: $? = 0
configure:8439: result: yes
configure:8487: checking for struct stat.st_blksize
configure:8487: gcc -c  -pipe  conftest.c >&5
configure:8487: $? = 0
configure:8487: result: yes
configure:8500: checking for fstatfs
configure:8500: gcc -o conftest  -pipe   -Wl,--export-dynamic conftest.c  >&5
configure:8500: $? = 0
configure:8500: result: yes
configure:8513: checking for working memcmp
configure:8556: gcc -o conftest  -pipe   -Wl,--export-dynamic conftest.c  >&5
configure:8556: $? = 0
configure:8556: ./conftest
configure:8556: $? = 0
configure:8566: result: yes
configure:8581: checking for memmove
configure:8581: gcc -o conftest  -pipe   -Wl,--export-dynamic conftest.c  >&5
conftest.c:72:6: warning: conflicting types for built-in function 'memmove'
configure:8581: $? = 0
configure:8581: result: yes
configure:8596: checking proper strstr implementation
configure:8614: gcc -o conftest  -pipe   -Wl,--export-dynamic conftest.c  >&5
conftest.c:50:13: warning: conflicting types for built-in function 'strstr'
conftest.c: In function 'main':
conftest.c:53:6: warning: incompatible implicit declaration of built-in function 'exit'
configure:8614: $? = 0
configure:8614: ./conftest
configure:8614: $? = 0
configure:8624: result: ok
configure:8637: checking for strtoul
configure:8637: gcc -o conftest  -pipe   -Wl,--export-dynamic conftest.c  >&5
configure:8637: $? = 0
configure:8637: result: yes
configure:8645: checking proper strtoul implementation
configure:8670: gcc -o conftest  -pipe   -Wl,--export-dynamic conftest.c  >&5
conftest.c: In function 'main':
conftest.c:58:3: warning: incompatible implicit declaration of built-in function 'exit'
conftest.c:60:6: warning: incompatible implicit declaration of built-in function 'exit'
configure:8670: $? = 0
configure:8670: ./conftest
configure:8670: $? = 0
configure:8680: result: ok
configure:8695: checking for strtod
configure:8695: gcc -o conftest  -pipe   -Wl,--export-dynamic conftest.c  >&5
configure:8695: $? = 0
configure:8695: result: yes
configure:8703: checking proper strtod implementation
configure:8728: gcc -o conftest  -pipe   -Wl,--export-dynamic conftest.c  >&5
conftest.c: In function 'main':
conftest.c:58:3: warning: incompatible implicit declaration of built-in function 'exit'
conftest.c:60:6: warning: incompatible implicit declaration of built-in function 'exit'
configure:8728: $? = 0
configure:8728: ./conftest
configure:8728: $? = 0
configure:8738: result: ok
configure:8756: checking for strtod
configure:8756: result: yes
configure:8764: checking for Solaris2.4/Tru64 strtod bugs
configure:8796: gcc -o conftest  -pipe   -Wl,--export-dynamic conftest.c  >&5
conftest.c: In function 'main':
conftest.c:57:4: warning: incompatible implicit declaration of built-in function 'exit'
conftest.c:61:4: warning: incompatible implicit declaration of built-in function 'exit'
conftest.c:65:4: warning: incompatible implicit declaration of built-in function 'exit'
conftest.c:67:7: warning: incompatible implicit declaration of built-in function 'exit'
configure:8796: $? = 0
configure:8796: ./conftest
configure:8796: $? = 0
configure:8806: result: ok
configure:8821: checking for mode_t
configure:8821: gcc -c  -pipe  conftest.c >&5
configure:8821: $? = 0
configure:8821: gcc -c  -pipe  conftest.c >&5
conftest.c: In function 'main':
conftest.c:85:21: error: expected expression before ')' token
configure:8821: $? = 1
configure: failed program was:
| /* confdefs.h */
| #define PACKAGE_NAME ""
| #define PACKAGE_TARNAME ""
| #define PACKAGE_VERSION ""
| #define PACKAGE_STRING ""
| #define PACKAGE_BUGREPORT ""
| #define PACKAGE_URL ""
| #define STDC_HEADERS 1
| #define HAVE_SYS_TYPES_H 1
| #define HAVE_SYS_STAT_H 1
| #define HAVE_STDLIB_H 1
| #define HAVE_STRING_H 1
| #define HAVE_MEMORY_H 1
| #define HAVE_STRINGS_H 1
| #define HAVE_INTTYPES_H 1
| #define HAVE_STDINT_H 1
| #define HAVE_UNISTD_H 1
| #define HAVE_LIMITS_H 1
| #define HAVE_UNISTD_H 1
| #define HAVE_SYS_PARAM_H 1
| #define STATIC_BUILD 1
| #define PEEK_XCLOSEIM 1
| #define _LARGEFILE64_SOURCE 1
| #define TCL_WIDE_INT_TYPE long long
| #define HAVE_STRUCT_STAT64 1
| #define HAVE_OPEN64 1
| #define HAVE_LSEEK64 1
| #define HAVE_TYPE_OFF64_T 1
| #define HAVE_GETCWD 1
| #define HAVE_OPENDIR 1
| #define HAVE_STRSTR 1
| #define HAVE_STRTOL 1
| #define HAVE_STRTOLL 1
| #define HAVE_STRTOULL 1
| #define HAVE_TMPNAM 1
| #define HAVE_WAITPID 1
| #define USE_TERMIOS 1
| #define HAVE_SYS_TIME_H 1
| #define TIME_WITH_SYS_TIME 1
| #define HAVE_STRUCT_TM_TM_ZONE 1
| #define HAVE_TM_ZONE 1
| #define HAVE_GMTIME_R 1
| #define HAVE_LOCALTIME_R 1
| #define HAVE_TM_GMTOFF 1
| #define HAVE_TIMEZONE_VAR 1
| #define HAVE_STRUCT_STAT_ST_BLKSIZE 1
| #define HAVE_ST_BLKSIZE 1
| /* end confdefs.h.  */
| #include <stdio.h>
| #ifdef HAVE_SYS_TYPES_H
| # include <sys/types.h>
| #endif
| #ifdef HAVE_SYS_STAT_H
| # include <sys/stat.h>
| #endif
| #ifdef STDC_HEADERS
| # include <stdlib.h>
| # include <stddef.h>
| #else
| # ifdef HAVE_STDLIB_H
| #  include <stdlib.h>
| # endif
| #endif
| #ifdef HAVE_STRING_H
| # if !defined STDC_HEADERS && defined HAVE_MEMORY_H
| #  include <memory.h>
| # endif
| # include <string.h>
| #endif
| #ifdef HAVE_STRINGS_H
| # include <strings.h>
| #endif
| #ifdef HAVE_INTTYPES_H
| # include <inttypes.h>
| #endif
| #ifdef HAVE_STDINT_H
| # include <stdint.h>
| #endif
| #ifdef HAVE_UNISTD_H
| # include <unistd.h>
| #endif
| int
| main ()
| {
| if (sizeof ((mode_t)))
| 	    return 0;
|   ;
|   return 0;
| }
configure:8821: result: yes
configure:8832: checking for pid_t
configure:8832: gcc -c  -pipe  conftest.c >&5
configure:8832: $? = 0
configure:8832: gcc -c  -pipe  conftest.c >&5
conftest.c: In function 'main':
conftest.c:85:20: error: expected expression before ')' token
configure:8832: $? = 1
configure: failed program was:
| /* confdefs.h */
| #define PACKAGE_NAME ""
| #define PACKAGE_TARNAME ""
| #define PACKAGE_VERSION ""
| #define PACKAGE_STRING ""
| #define PACKAGE_BUGREPORT ""
| #define PACKAGE_URL ""
| #define STDC_HEADERS 1
| #define HAVE_SYS_TYPES_H 1
| #define HAVE_SYS_STAT_H 1
| #define HAVE_STDLIB_H 1
| #define HAVE_STRING_H 1
| #define HAVE_MEMORY_H 1
| #define HAVE_STRINGS_H 1
| #define HAVE_INTTYPES_H 1
| #define HAVE_STDINT_H 1
| #define HAVE_UNISTD_H 1
| #define HAVE_LIMITS_H 1
| #define HAVE_UNISTD_H 1
| #define HAVE_SYS_PARAM_H 1
| #define STATIC_BUILD 1
| #define PEEK_XCLOSEIM 1
| #define _LARGEFILE64_SOURCE 1
| #define TCL_WIDE_INT_TYPE long long
| #define HAVE_STRUCT_STAT64 1
| #define HAVE_OPEN64 1
| #define HAVE_LSEEK64 1
| #define HAVE_TYPE_OFF64_T 1
| #define HAVE_GETCWD 1
| #define HAVE_OPENDIR 1
| #define HAVE_STRSTR 1
| #define HAVE_STRTOL 1
| #define HAVE_STRTOLL 1
| #define HAVE_STRTOULL 1
| #define HAVE_TMPNAM 1
| #define HAVE_WAITPID 1
| #define USE_TERMIOS 1
| #define HAVE_SYS_TIME_H 1
| #define TIME_WITH_SYS_TIME 1
| #define HAVE_STRUCT_TM_TM_ZONE 1
| #define HAVE_TM_ZONE 1
| #define HAVE_GMTIME_R 1
| #define HAVE_LOCALTIME_R 1
| #define HAVE_TM_GMTOFF 1
| #define HAVE_TIMEZONE_VAR 1
| #define HAVE_STRUCT_STAT_ST_BLKSIZE 1
| #define HAVE_ST_BLKSIZE 1
| /* end confdefs.h.  */
| #include <stdio.h>
| #ifdef HAVE_SYS_TYPES_H
| # include <sys/types.h>
| #endif
| #ifdef HAVE_SYS_STAT_H
| # include <sys/stat.h>
| #endif
| #ifdef STDC_HEADERS
| # include <stdlib.h>
| # include <stddef.h>
| #else
| # ifdef HAVE_STDLIB_H
| #  include <stdlib.h>
| # endif
| #endif
| #ifdef HAVE_STRING_H
| # if !defined STDC_HEADERS && defined HAVE_MEMORY_H
| #  include <memory.h>
| # endif
| # include <string.h>
| #endif
| #ifdef HAVE_STRINGS_H
| # include <strings.h>
| #endif
| #ifdef HAVE_INTTYPES_H
| # include <inttypes.h>
| #endif
| #ifdef HAVE_STDINT_H
| # include <stdint.h>
| #endif
| #ifdef HAVE_UNISTD_H
| # include <unistd.h>
| #endif
| int
| main ()
| {
| if (sizeof ((pid_t)))
| 	    return 0;
|   ;
|   return 0;
| }
configure:8832: result: yes
configure:8843: checking for size_t
configure:8843: gcc -c  -pipe  conftest.c >&5
configure:8843: $? = 0
configure:8843: gcc -c  -pipe  conftest.c >&5
conftest.c: In function 'main':
conftest.c:85:21: error: expected expression before ')' token
configure:8843: $? = 1
configure: failed program was:
| /* confdefs.h */
| #define PACKAGE_NAME ""
| #define PACKAGE_TARNAME ""
| #define PACKAGE_VERSION ""
| #define PACKAGE_STRING ""
| #define PACKAGE_BUGREPORT ""
| #define PACKAGE_URL ""
| #define STDC_HEADERS 1
| #define HAVE_SYS_TYPES_H 1
| #define HAVE_SYS_STAT_H 1
| #define HAVE_STDLIB_H 1
| #define HAVE_STRING_H 1
| #define HAVE_MEMORY_H 1
| #define HAVE_STRINGS_H 1
| #define HAVE_INTTYPES_H 1
| #define HAVE_STDINT_H 1
| #define HAVE_UNISTD_H 1
| #define HAVE_LIMITS_H 1
| #define HAVE_UNISTD_H 1
| #define HAVE_SYS_PARAM_H 1
| #define STATIC_BUILD 1
| #define PEEK_XCLOSEIM 1
| #define _LARGEFILE64_SOURCE 1
| #define TCL_WIDE_INT_TYPE long long
| #define HAVE_STRUCT_STAT64 1
| #define HAVE_OPEN64 1
| #define HAVE_LSEEK64 1
| #define HAVE_TYPE_OFF64_T 1
| #define HAVE_GETCWD 1
| #define HAVE_OPENDIR 1
| #define HAVE_STRSTR 1
| #define HAVE_STRTOL 1
| #define HAVE_STRTOLL 1
| #define HAVE_STRTOULL 1
| #define HAVE_TMPNAM 1
| #define HAVE_WAITPID 1
| #define USE_TERMIOS 1
| #define HAVE_SYS_TIME_H 1
| #define TIME_WITH_SYS_TIME 1
| #define HAVE_STRUCT_TM_TM_ZONE 1
| #define HAVE_TM_ZONE 1
| #define HAVE_GMTIME_R 1
| #define HAVE_LOCALTIME_R 1
| #define HAVE_TM_GMTOFF 1
| #define HAVE_TIMEZONE_VAR 1
| #define HAVE_STRUCT_STAT_ST_BLKSIZE 1
| #define HAVE_ST_BLKSIZE 1
| /* end confdefs.h.  */
| #include <stdio.h>
| #ifdef HAVE_SYS_TYPES_H
| # include <sys/types.h>
| #endif
| #ifdef HAVE_SYS_STAT_H
| # include <sys/stat.h>
| #endif
| #ifdef STDC_HEADERS
| # include <stdlib.h>
| # include <stddef.h>
| #else
| # ifdef HAVE_STDLIB_H
| #  include <stdlib.h>
| # endif
| #endif
| #ifdef HAVE_STRING_H
| # if !defined STDC_HEADERS && defined HAVE_MEMORY_H
| #  include <memory.h>
| # endif
| # include <string.h>
| #endif
| #ifdef HAVE_STRINGS_H
| # include <strings.h>
| #endif
| #ifdef HAVE_INTTYPES_H
| # include <inttypes.h>
| #endif
| #ifdef HAVE_STDINT_H
| # include <stdint.h>
| #endif
| #ifdef HAVE_UNISTD_H
| # include <unistd.h>
| #endif
| int
| main ()
| {
| if (sizeof ((size_t)))
| 	    return 0;
|   ;
|   return 0;
| }
configure:8843: result: yes
configure:8854: checking for uid_t in sys/types.h
configure:8873: result: yes
configure:8885: checking for socklen_t
configure:8911: result: yes
configure:8925: checking for opendir
configure:8925: result: yes
configure:8942: checking union wait
configure:8964: gcc -o conftest  -pipe   -Wl,--export-dynamic conftest.c  >&5
configure:8964: $? = 0
configure:8972: result: yes
configure:8985: checking for strncasecmp
configure:8985: gcc -o conftest  -pipe   -Wl,--export-dynamic conftest.c  >&5
conftest.c:72:6: warning: conflicting types for built-in function 'strncasecmp'
configure:8985: $? = 0
configure:8985: result: yes
configure:9095: checking for BSDgettimeofday
configure:9095: gcc -o conftest  -pipe   -Wl,--export-dynamic conftest.c  >&5
/tmp/ccLrVt8H.o: In function `main':
conftest.c:(.text+0x7): undefined reference to `BSDgettimeofday'
collect2: ld returned 1 exit status
configure:9095: $? = 1
configure: failed program was:
| /* confdefs.h */
| #define PACKAGE_NAME ""
| #define PACKAGE_TARNAME ""
| #define PACKAGE_VERSION ""
| #define PACKAGE_STRING ""
| #define PACKAGE_BUGREPORT ""
| #define PACKAGE_URL ""
| #define STDC_HEADERS 1
| #define HAVE_SYS_TYPES_H 1
| #define HAVE_SYS_STAT_H 1
| #define HAVE_STDLIB_H 1
| #define HAVE_STRING_H 1
| #define HAVE_MEMORY_H 1
| #define HAVE_STRINGS_H 1
| #define HAVE_INTTYPES_H 1
| #define HAVE_STDINT_H 1
| #define HAVE_UNISTD_H 1
| #define HAVE_LIMITS_H 1
| #define HAVE_UNISTD_H 1
| #define HAVE_SYS_PARAM_H 1
| #define STATIC_BUILD 1
| #define PEEK_XCLOSEIM 1
| #define _LARGEFILE64_SOURCE 1
| #define TCL_WIDE_INT_TYPE long long
| #define HAVE_STRUCT_STAT64 1
| #define HAVE_OPEN64 1
| #define HAVE_LSEEK64 1
| #define HAVE_TYPE_OFF64_T 1
| #define HAVE_GETCWD 1
| #define HAVE_OPENDIR 1
| #define HAVE_STRSTR 1
| #define HAVE_STRTOL 1
| #define HAVE_STRTOLL 1
| #define HAVE_STRTOULL 1
| #define HAVE_TMPNAM 1
| #define HAVE_WAITPID 1
| #define USE_TERMIOS 1
| #define HAVE_SYS_TIME_H 1
| #define TIME_WITH_SYS_TIME 1
| #define HAVE_STRUCT_TM_TM_ZONE 1
| #define HAVE_TM_ZONE 1
| #define HAVE_GMTIME_R 1
| #define HAVE_LOCALTIME_R 1
| #define HAVE_TM_GMTOFF 1
| #define HAVE_TIMEZONE_VAR 1
| #define HAVE_STRUCT_STAT_ST_BLKSIZE 1
| #define HAVE_ST_BLKSIZE 1
| /* end confdefs.h.  */
| /* Define BSDgettimeofday to an innocuous variant, in case <limits.h> declares BSDgettimeofday.
|    For example, HP-UX 11i <limits.h> declares gettimeofday.  */
| #define BSDgettimeofday innocuous_BSDgettimeofday
| 
| /* System header to define __stub macros and hopefully few prototypes,
|     which can conflict with char BSDgettimeofday (); below.
|     Prefer <limits.h> to <assert.h> if __STDC__ is defined, since
|     <limits.h> exists even on freestanding compilers.  */
| 
| #ifdef __STDC__
| # include <limits.h>
| #else
| # include <assert.h>
| #endif
| 
| #undef BSDgettimeofday
| 
| /* Override any GCC internal prototype to avoid an error.
|    Use char because int might match the return type of a GCC
|    builtin and then its argument prototype would still apply.  */
| #ifdef __cplusplus
| extern "C"
| #endif
| char BSDgettimeofday ();
| /* The GNU C library defines this for functions which it implements
|     to always fail with ENOSYS.  Some functions are actually named
|     something starting with __ and the normal name is an alias.  */
| #if defined __stub_BSDgettimeofday || defined __stub___BSDgettimeofday
| choke me
| #endif
| 
| int
| main ()
| {
| return BSDgettimeofday ();
|   ;
|   return 0;
| }
configure:9095: result: no
configure:9101: checking for gettimeofday
configure:9101: gcc -o conftest  -pipe   -Wl,--export-dynamic conftest.c  >&5
configure:9101: $? = 0
configure:9101: result: yes
configure:9112: checking for gettimeofday declaration
configure:9132: result: present
configure:9145: checking whether char is unsigned
configure:9163: gcc -c  -pipe  conftest.c >&5
configure:9163: $? = 0
configure:9170: result: no
configure:9177: checking signed char declarations
configure:9197: gcc -c  -pipe  conftest.c >&5
configure:9197: $? = 0
configure:9204: result: yes
configure:9215: checking for a putenv() that copies the buffer
configure:9246: gcc -o conftest  -pipe   -Wl,--export-dynamic conftest.c  >&5
conftest.c: In function 'main':
conftest.c:56:20: warning: incompatible implicit declaration of built-in function 'strdup'
conftest.c:58:6: warning: incompatible implicit declaration of built-in function 'strcpy'
conftest.c:58:22: warning: incompatible implicit declaration of built-in function 'strchr'
configure:9246: $? = 0
configure:9246: ./conftest
configure:9246: $? = 0
configure:9256: result: no
configure:9278: checking langinfo.h usability
configure:9278: gcc -c  -pipe  conftest.c >&5
configure:9278: $? = 0
configure:9278: result: yes
configure:9278: checking langinfo.h presence
configure:9278: gcc -E  conftest.c
configure:9278: $? = 0
configure:9278: result: yes
configure:9278: checking for langinfo.h
configure:9278: result: yes
configure:9287: checking whether to use nl_langinfo
configure:9305: gcc -c  -pipe  conftest.c >&5
configure:9305: $? = 0
configure:9313: result: yes
configure:9457: checking for fts
configure:9482: gcc -o conftest  -pipe   -Wl,--export-dynamic conftest.c  >&5
conftest.c: In function 'main':
conftest.c:60:30: error: 'NULL' undeclared (first use in this function)
conftest.c:60:30: note: each undeclared identifier is reported only once for each function it appears in
configure:9482: $? = 1
configure: failed program was:
| /* confdefs.h */
| #define PACKAGE_NAME ""
| #define PACKAGE_TARNAME ""
| #define PACKAGE_VERSION ""
| #define PACKAGE_STRING ""
| #define PACKAGE_BUGREPORT ""
| #define PACKAGE_URL ""
| #define STDC_HEADERS 1
| #define HAVE_SYS_TYPES_H 1
| #define HAVE_SYS_STAT_H 1
| #define HAVE_STDLIB_H 1
| #define HAVE_STRING_H 1
| #define HAVE_MEMORY_H 1
| #define HAVE_STRINGS_H 1
| #define HAVE_INTTYPES_H 1
| #define HAVE_STDINT_H 1
| #define HAVE_UNISTD_H 1
| #define HAVE_LIMITS_H 1
| #define HAVE_UNISTD_H 1
| #define HAVE_SYS_PARAM_H 1
| #define STATIC_BUILD 1
| #define PEEK_XCLOSEIM 1
| #define _LARGEFILE64_SOURCE 1
| #define TCL_WIDE_INT_TYPE long long
| #define HAVE_STRUCT_STAT64 1
| #define HAVE_OPEN64 1
| #define HAVE_LSEEK64 1
| #define HAVE_TYPE_OFF64_T 1
| #define HAVE_GETCWD 1
| #define HAVE_OPENDIR 1
| #define HAVE_STRSTR 1
| #define HAVE_STRTOL 1
| #define HAVE_STRTOLL 1
| #define HAVE_STRTOULL 1
| #define HAVE_TMPNAM 1
| #define HAVE_WAITPID 1
| #define USE_TERMIOS 1
| #define HAVE_SYS_TIME_H 1
| #define TIME_WITH_SYS_TIME 1
| #define HAVE_STRUCT_TM_TM_ZONE 1
| #define HAVE_TM_ZONE 1
| #define HAVE_GMTIME_R 1
| #define HAVE_LOCALTIME_R 1
| #define HAVE_TM_GMTOFF 1
| #define HAVE_TIMEZONE_VAR 1
| #define HAVE_STRUCT_STAT_ST_BLKSIZE 1
| #define HAVE_ST_BLKSIZE 1
| #define HAVE_SIGNED_CHAR 1
| #define HAVE_LANGINFO 1
| /* end confdefs.h.  */
| 
| 	    #include <sys/param.h>
| 	    #include <sys/stat.h>
| 	    #include <fts.h>
| 
| int
| main ()
| {
| 
| 	    char*const p[2] = {"/", NULL};
| 	    FTS *f = fts_open(p, FTS_PHYSICAL|FTS_NOCHDIR|FTS_NOSTAT, NULL);
| 	    FTSENT *e = fts_read(f); fts_close(f);
| 
|   ;
|   return 0;
| }
configure:9490: result: no
configure:9507: checking sys/ioctl.h usability
configure:9507: gcc -c  -pipe  conftest.c >&5
configure:9507: $? = 0
configure:9507: result: yes
configure:9507: checking sys/ioctl.h presence
configure:9507: gcc -E  conftest.c
configure:9507: $? = 0
configure:9507: result: yes
configure:9507: checking for sys/ioctl.h
configure:9507: result: yes
configure:9519: checking sys/filio.h usability
configure:9519: gcc -c  -pipe  conftest.c >&5
conftest.c:85:23: fatal error: sys/filio.h: No such file or directory
compilation terminated.
configure:9519: $? = 1
configure: failed program was:
| /* confdefs.h */
| #define PACKAGE_NAME ""
| #define PACKAGE_TARNAME ""
| #define PACKAGE_VERSION ""
| #define PACKAGE_STRING ""
| #define PACKAGE_BUGREPORT ""
| #define PACKAGE_URL ""
| #define STDC_HEADERS 1
| #define HAVE_SYS_TYPES_H 1
| #define HAVE_SYS_STAT_H 1
| #define HAVE_STDLIB_H 1
| #define HAVE_STRING_H 1
| #define HAVE_MEMORY_H 1
| #define HAVE_STRINGS_H 1
| #define HAVE_INTTYPES_H 1
| #define HAVE_STDINT_H 1
| #define HAVE_UNISTD_H 1
| #define HAVE_LIMITS_H 1
| #define HAVE_UNISTD_H 1
| #define HAVE_SYS_PARAM_H 1
| #define STATIC_BUILD 1
| #define PEEK_XCLOSEIM 1
| #define _LARGEFILE64_SOURCE 1
| #define TCL_WIDE_INT_TYPE long long
| #define HAVE_STRUCT_STAT64 1
| #define HAVE_OPEN64 1
| #define HAVE_LSEEK64 1
| #define HAVE_TYPE_OFF64_T 1
| #define HAVE_GETCWD 1
| #define HAVE_OPENDIR 1
| #define HAVE_STRSTR 1
| #define HAVE_STRTOL 1
| #define HAVE_STRTOLL 1
| #define HAVE_STRTOULL 1
| #define HAVE_TMPNAM 1
| #define HAVE_WAITPID 1
| #define USE_TERMIOS 1
| #define HAVE_SYS_TIME_H 1
| #define TIME_WITH_SYS_TIME 1
| #define HAVE_STRUCT_TM_TM_ZONE 1
| #define HAVE_TM_ZONE 1
| #define HAVE_GMTIME_R 1
| #define HAVE_LOCALTIME_R 1
| #define HAVE_TM_GMTOFF 1
| #define HAVE_TIMEZONE_VAR 1
| #define HAVE_STRUCT_STAT_ST_BLKSIZE 1
| #define HAVE_ST_BLKSIZE 1
| #define HAVE_SIGNED_CHAR 1
| #define HAVE_LANGINFO 1
| #define HAVE_SYS_IOCTL_H 1
| /* end confdefs.h.  */
| #include <stdio.h>
| #ifdef HAVE_SYS_TYPES_H
| # include <sys/types.h>
| #endif
| #ifdef HAVE_SYS_STAT_H
| # include <sys/stat.h>
| #endif
| #ifdef STDC_HEADERS
| # include <stdlib.h>
| # include <stddef.h>
| #else
| # ifdef HAVE_STDLIB_H
| #  include <stdlib.h>
| # endif
| #endif
| #ifdef HAVE_STRING_H
| # if !defined STDC_HEADERS && defined HAVE_MEMORY_H
| #  include <memory.h>
| # endif
| # include <string.h>
| #endif
| #ifdef HAVE_STRINGS_H
| # include <strings.h>
| #endif
| #ifdef HAVE_INTTYPES_H
| # include <inttypes.h>
| #endif
| #ifdef HAVE_STDINT_H
| # include <stdint.h>
| #endif
| #ifdef HAVE_UNISTD_H
| # include <unistd.h>
| #endif
| #include <sys/filio.h>
configure:9519: result: no
configure:9519: checking sys/filio.h presence
configure:9519: gcc -E  conftest.c
conftest.c:52:23: fatal error: sys/filio.h: No such file or directory
compilation terminated.
configure:9519: $? = 1
configure: failed program was:
| /* confdefs.h */
| #define PACKAGE_NAME ""
| #define PACKAGE_TARNAME ""
| #define PACKAGE_VERSION ""
| #define PACKAGE_STRING ""
| #define PACKAGE_BUGREPORT ""
| #define PACKAGE_URL ""
| #define STDC_HEADERS 1
| #define HAVE_SYS_TYPES_H 1
| #define HAVE_SYS_STAT_H 1
| #define HAVE_STDLIB_H 1
| #define HAVE_STRING_H 1
| #define HAVE_MEMORY_H 1
| #define HAVE_STRINGS_H 1
| #define HAVE_INTTYPES_H 1
| #define HAVE_STDINT_H 1
| #define HAVE_UNISTD_H 1
| #define HAVE_LIMITS_H 1
| #define HAVE_UNISTD_H 1
| #define HAVE_SYS_PARAM_H 1
| #define STATIC_BUILD 1
| #define PEEK_XCLOSEIM 1
| #define _LARGEFILE64_SOURCE 1
| #define TCL_WIDE_INT_TYPE long long
| #define HAVE_STRUCT_STAT64 1
| #define HAVE_OPEN64 1
| #define HAVE_LSEEK64 1
| #define HAVE_TYPE_OFF64_T 1
| #define HAVE_GETCWD 1
| #define HAVE_OPENDIR 1
| #define HAVE_STRSTR 1
| #define HAVE_STRTOL 1
| #define HAVE_STRTOLL 1
| #define HAVE_STRTOULL 1
| #define HAVE_TMPNAM 1
| #define HAVE_WAITPID 1
| #define USE_TERMIOS 1
| #define HAVE_SYS_TIME_H 1
| #define TIME_WITH_SYS_TIME 1
| #define HAVE_STRUCT_TM_TM_ZONE 1
| #define HAVE_TM_ZONE 1
| #define HAVE_GMTIME_R 1
| #define HAVE_LOCALTIME_R 1
| #define HAVE_TM_GMTOFF 1
| #define HAVE_TIMEZONE_VAR 1
| #define HAVE_STRUCT_STAT_ST_BLKSIZE 1
| #define HAVE_ST_BLKSIZE 1
| #define HAVE_SIGNED_CHAR 1
| #define HAVE_LANGINFO 1
| #define HAVE_SYS_IOCTL_H 1
| /* end confdefs.h.  */
| #include <sys/filio.h>
configure:9519: result: no
configure:9519: checking for sys/filio.h
configure:9519: result: no
configure:9530: checking system version
configure:9558: result: Linux-2.6.38-8-generic-pae
configure:9562: checking FIONBIO vs. O_NONBLOCK for nonblocking I/O
configure:9589: result: O_NONBLOCK
configure:9660: checking whether to enable DTrace support
configure:9671: result: no
configure:10061: creating ./config.status

## ---------------------- ##
## Running config.status. ##
## ---------------------- ##

This file was extended by config.status, which was
generated by GNU Autoconf 2.67.  Invocation command line was

  CONFIG_FILES    = 
  CONFIG_HEADERS  = 
  CONFIG_LINKS    = 
  CONFIG_COMMANDS = 
  $ ./config.status 

on Optimus

config.status:822: creating Makefile
config.status:921: WARNING:  'Makefile.in' seems to ignore the --datarootdir setting
config.status:822: creating dltest/Makefile
config.status:822: creating tclConfig.sh
configure:11094: WARNING: unrecognized options: --enable-gcc

## ---------------- ##
## Cache variables. ##
## ---------------- ##

ac_cv_c_bigendian=no
ac_cv_c_char_unsigned=no
ac_cv_c_compiler_gnu=yes
ac_cv_env_CC_set=
ac_cv_env_CC_value=
ac_cv_env_CFLAGS_set=
ac_cv_env_CFLAGS_value=
ac_cv_env_CPPFLAGS_set=
ac_cv_env_CPPFLAGS_value=
ac_cv_env_CPP_set=
ac_cv_env_CPP_value=
ac_cv_env_LDFLAGS_set=
ac_cv_env_LDFLAGS_value=
ac_cv_env_LIBS_set=
ac_cv_env_LIBS_value=
ac_cv_env_build_alias_set=
ac_cv_env_build_alias_value=
ac_cv_env_host_alias_set=
ac_cv_env_host_alias_value=
ac_cv_env_target_alias_set=
ac_cv_env_target_alias_value=
ac_cv_func_BSDgettimeofday=no
ac_cv_func_connect=yes
ac_cv_func_fstatfs=yes
ac_cv_func_getcwd=yes
ac_cv_func_gethostbyname=yes
ac_cv_func_gettimeofday=yes
ac_cv_func_getwd=yes
ac_cv_func_gmtime_r=yes
ac_cv_func_localtime_r=yes
ac_cv_func_lseek64=yes
ac_cv_func_memcmp_working=yes
ac_cv_func_memmove=yes
ac_cv_func_open64=yes
ac_cv_func_opendir=yes
ac_cv_func_realpath=yes
ac_cv_func_sin=no
ac_cv_func_strerror=yes
ac_cv_func_strncasecmp=yes
ac_cv_func_strstr=yes
ac_cv_func_strtod=yes
ac_cv_func_strtol=yes
ac_cv_func_strtoll=yes
ac_cv_func_strtoul=yes
ac_cv_func_strtoull=yes
ac_cv_func_tmpnam=yes
ac_cv_func_uname=yes
ac_cv_func_wait3=yes
ac_cv_func_waitpid=yes
ac_cv_header_dlfcn_h=yes
ac_cv_header_errno_h=yes
ac_cv_header_float_h=yes
ac_cv_header_inttypes_h=yes
ac_cv_header_langinfo_h=yes
ac_cv_header_limits_h=yes
ac_cv_header_memory_h=yes
ac_cv_header_net_errno_h=no
ac_cv_header_stdc=yes
ac_cv_header_stdint_h=yes
ac_cv_header_stdlib_h=yes
ac_cv_header_string_h=yes
ac_cv_header_strings_h=yes
ac_cv_header_sys_filio_h=no
ac_cv_header_sys_ioctl_h=yes
ac_cv_header_sys_modem_h=no
ac_cv_header_sys_param_h=yes
ac_cv_header_sys_stat_h=yes
ac_cv_header_sys_time_h=yes
ac_cv_header_sys_types_h=yes
ac_cv_header_sys_wait_h=yes
ac_cv_header_time=yes
ac_cv_header_unistd_h=yes
ac_cv_header_values_h=yes
ac_cv_lib_dl_dlopen=yes
ac_cv_lib_ieee_main=yes
ac_cv_lib_inet_main=no
ac_cv_member_struct_stat_st_blksize=yes
ac_cv_member_struct_tm_tm_zone=yes
ac_cv_objext=o
ac_cv_path_EGREP='/bin/grep -E'
ac_cv_path_GREP=/bin/grep
ac_cv_prog_AR=ar
ac_cv_prog_CPP='gcc -E'
ac_cv_prog_ac_ct_CC=gcc
ac_cv_prog_ac_ct_RANLIB=ranlib
ac_cv_prog_cc_c89=
ac_cv_prog_cc_g=yes
ac_cv_struct_tm=time.h
ac_cv_type_mode_t=yes
ac_cv_type_pid_t=yes
ac_cv_type_size_t=yes
ac_cv_type_socklen_t=yes
ac_cv_type_uid_t=yes
tcl_cv_api_fts=no
tcl_cv_api_serial=termios
tcl_cv_cc_pipe=yes
tcl_cv_char_signed=yes
tcl_cv_dirent_h=yes
tcl_cv_flag__isoc99_source=no
tcl_cv_flag__largefile64_source=yes
tcl_cv_flag__largefile_source64=no
tcl_cv_grep_gettimeofday=present
tcl_cv_langinfo_h=yes
tcl_cv_member_tm_gmtoff=yes
tcl_cv_member_tm_tzadj=no
tcl_cv_putenv_copy=no
tcl_cv_strstr_unbroken=ok
tcl_cv_strtod_buggy=ok
tcl_cv_strtod_unbroken=ok
tcl_cv_strtoul_unbroken=ok
tcl_cv_struct_dirent64=no
tcl_cv_struct_stat64=yes
tcl_cv_sys_version=Linux-2.6.38-8-generic-pae
tcl_cv_timezone_long=yes
tcl_cv_type_64bit='long long'
tcl_cv_type_fd_set=yes
tcl_cv_type_off64_t=yes
tcl_cv_union_wait=yes

## ----------------- ##
## Output variables. ##
## ----------------- ##

AR='ar'
BUILD_DLTEST='$(DLTEST_TARGETS)'
CC='gcc'
CC_SEARCH_FLAGS='-Wl,-rpath,${LIB_RUNTIME_DIR}'
CFG_TCL_EXPORT_FILE_SUFFIX=''
CFG_TCL_SHARED_LIB_SUFFIX='${VERSION}${DBGX}.so'
CFG_TCL_UNSHARED_LIB_SUFFIX='${VERSION}${DBGX}.a'
CFLAGS=' -pipe '
CFLAGS_DEBUG='-g'
CFLAGS_DEFAULT='$(CFLAGS_DEBUG)'
CFLAGS_OPTIMIZE='-O2'
CFLAGS_WARNING='-Wall -Wno-implicit-int -fno-strict-aliasing'
CPP='gcc -E'
CPPFLAGS=''
DEFS='-DPACKAGE_NAME=\"\" -DPACKAGE_TARNAME=\"\" -DPACKAGE_VERSION=\"\" -DPACKAGE_STRING=\"\" -DPACKAGE_BUGREPORT=\"\" -DPACKAGE_URL=\"\" -DSTDC_HEADERS=1 -DHAVE_SYS_TYPES_H=1 -DHAVE_SYS_STAT_H=1 -DHAVE_STDLIB_H=1 -DHAVE_STRING_H=1 -DHAVE_MEMORY_H=1 -DHAVE_STRINGS_H=1 -DHAVE_INTTYPES_H=1 -DHAVE_STDINT_H=1 -DHAVE_UNISTD_H=1 -DHAVE_LIMITS_H=1 -DHAVE_UNISTD_H=1 -DHAVE_SYS_PARAM_H=1 -DSTATIC_BUILD=1 -DPEEK_XCLOSEIM=1 -D_LARGEFILE64_SOURCE=1 -DTCL_WIDE_INT_TYPE=long\ long -DHAVE_STRUCT_STAT64=1 -DHAVE_OPEN64=1 -DHAVE_LSEEK64=1 -DHAVE_TYPE_OFF64_T=1 -DHAVE_GETCWD=1 -DHAVE_OPENDIR=1 -DHAVE_STRSTR=1 -DHAVE_STRTOL=1 -DHAVE_STRTOLL=1 -DHAVE_STRTOULL=1 -DHAVE_TMPNAM=1 -DHAVE_WAITPID=1 -DUSE_TERMIOS=1 -DHAVE_SYS_TIME_H=1 -DTIME_WITH_SYS_TIME=1 -DHAVE_STRUCT_TM_TM_ZONE=1 -DHAVE_TM_ZONE=1 -DHAVE_GMTIME_R=1 -DHAVE_LOCALTIME_R=1 -DHAVE_TM_GMTOFF=1 -DHAVE_TIMEZONE_VAR=1 -DHAVE_STRUCT_STAT_ST_BLKSIZE=1 -DHAVE_ST_BLKSIZE=1 -DHAVE_SIGNED_CHAR=1 -DHAVE_LANGINFO=1 -DHAVE_SYS_IOCTL_H=1'
DL_LIBS='-ldl'
DL_OBJS='tclLoadDl.o'
DTRACE=''
DTRACE_HDR=''
DTRACE_OBJ=''
DTRACE_SRC=''
ECHO_C=''
ECHO_N='-n'
ECHO_T=''
EGREP='/bin/grep -E'
EXEEXT=''
EXTRA_APP_CC_SWITCHES=''
EXTRA_BUILD_HTML=''
EXTRA_CC_SWITCHES=''
EXTRA_INSTALL=''
EXTRA_INSTALL_BINARIES=''
EXTRA_TCLSH_LIBS=''
GREP='/bin/grep'
HTML_DIR='$(DISTDIR)/html'
INSTALL_LIB='$(INSTALL_LIBRARY) $(LIB_FILE) $(LIB_INSTALL_DIR)/$(LIB_FILE) ; (cd $(LIB_INSTALL_DIR) ; $(RANLIB) $(LIB_FILE))'
INSTALL_STUB_LIB='$(INSTALL_LIBRARY) $(STUB_LIB_FILE) $(LIB_INSTALL_DIR)/$(STUB_LIB_FILE) ; (cd $(LIB_INSTALL_DIR) ; $(RANLIB) $(STUB_LIB_FILE))'
LDFLAGS=' -Wl,--export-dynamic'
LDFLAGS_DEBUG=''
LDFLAGS_DEFAULT='$(LDFLAGS_DEBUG)'
LDFLAGS_OPTIMIZE=''
LD_LIBRARY_PATH_VAR='LD_LIBRARY_PATH'
LD_SEARCH_FLAGS='-Wl,-rpath,${LIB_RUNTIME_DIR}'
LIBOBJS=''
LIBS=''
LTLIBOBJS=''
MAKE_LIB='${STLIB_LD} $@ ${OBJS} ; ${RANLIB} $@'
MAKE_STUB_LIB='${STLIB_LD} $@ ${STUB_LIB_OBJS} ; ${RANLIB} $@'
MAN_FLAGS=''
MATH_LIBS='-lieee -lm'
OBJEXT='o'
PACKAGE_BUGREPORT=''
PACKAGE_NAME=''
PACKAGE_STRING=''
PACKAGE_TARNAME=''
PACKAGE_URL=''
PACKAGE_VERSION=''
PATH_SEPARATOR=':'
PLAT_OBJS=''
PLAT_SRCS=''
PRIVATE_INCLUDE_DIR='$(includedir)'
RANLIB='ranlib'
SHELL='/bin/bash'
SHLIB_CFLAGS='-fPIC'
SHLIB_LD='${CC} -shared ${CFLAGS} ${LDFLAGS}'
SHLIB_LD_LIBS='${LIBS}'
SHLIB_SUFFIX='.so'
STLIB_LD='${AR} cr'
TCL_BUILD_EXP_FILE=''
TCL_BUILD_LIB_SPEC='-L//home/gokul/ns2/ns-allinone-2.34/tcl8.4.18/unix -ltcl8.4${TCL_DBGX}'
TCL_BUILD_STUB_LIB_PATH='//home/gokul/ns2/ns-allinone-2.34/tcl8.4.18/unix/libtclstub8.4${TCL_DBGX}.a'
TCL_BUILD_STUB_LIB_SPEC='-L//home/gokul/ns2/ns-allinone-2.34/tcl8.4.18/unix -ltclstub8.4${TCL_DBGX}'
TCL_DBGX='g'
TCL_EXP_FILE=''
TCL_HAS_LONGLONG=''
TCL_INCLUDE_SPEC='-I//home/gokul/ns2/ns-allinone-2.34/include'
TCL_LIBRARY='$(prefix)/lib/tcl$(VERSION)'
TCL_LIBS='${DL_LIBS} ${LIBS} ${MATH_LIBS}'
TCL_LIB_FILE='libtcl8.4${TCL_DBGX}.a'
TCL_LIB_FLAG='-ltcl8.4${TCL_DBGX}'
TCL_LIB_SPEC='-L//home/gokul/ns2/ns-allinone-2.34/lib -ltcl8.4${TCL_DBGX}'
TCL_LIB_VERSIONS_OK='ok'
TCL_MAJOR_VERSION='8'
TCL_MINOR_VERSION='4'
TCL_NEEDS_EXP_FILE='0'
TCL_PACKAGE_PATH='//home/gokul/ns2/ns-allinone-2.34/lib '
TCL_PATCH_LEVEL='.18'
TCL_SHARED_BUILD='0'
TCL_SHARED_LIB_SUFFIX='${VERSION}\$\{DBGX\}${SHLIB_SUFFIX}'
TCL_SHLIB_LD_EXTRAS=''
TCL_SRC_DIR='//home/gokul/ns2/ns-allinone-2.34/tcl8.4.18'
TCL_STUB_LIB_FILE='libtclstub8.4${TCL_DBGX}.a'
TCL_STUB_LIB_FLAG='-ltclstub8.4${TCL_DBGX}'
TCL_STUB_LIB_PATH='//home/gokul/ns2/ns-allinone-2.34/lib/libtclstub8.4${TCL_DBGX}.a'
TCL_STUB_LIB_SPEC='-L//home/gokul/ns2/ns-allinone-2.34/lib -ltclstub8.4${TCL_DBGX}'
TCL_THREADS='0'
TCL_UNSHARED_LIB_SUFFIX='${VERSION}\$\{DBGX\}.a'
TCL_VERSION='8.4'
TCL_YEAR=''
TK_SHLIB_LD_EXTRAS=''
ac_ct_CC='gcc'
bindir='${exec_prefix}/bin'
build_alias=''
datadir='${datarootdir}'
datarootdir='${prefix}/share'
docdir='${datarootdir}/doc/${PACKAGE}'
dvidir='${docdir}'
exec_prefix='//home/gokul/ns2/ns-allinone-2.34'
host_alias=''
htmldir='${docdir}'
includedir='${prefix}/include'
infodir='${datarootdir}/info'
libdir='//home/gokul/ns2/ns-allinone-2.34/lib'
libexecdir='${exec_prefix}/libexec'
localedir='${datarootdir}/locale'
localstatedir='${prefix}/var'
mandir='${datarootdir}/man'
oldincludedir='/usr/include'
pdfdir='${docdir}'
prefix='//home/gokul/ns2/ns-allinone-2.34'
program_transform_name='s,x,x,'
psdir='${docdir}'
sbindir='${exec_prefix}/sbin'
sharedstatedir='${prefix}/com'
sysconfdir='${prefix}/etc'
target_alias=''

## ----------- ##
## confdefs.h. ##
## ----------- ##

/* confdefs.h */
#define PACKAGE_NAME ""
#define PACKAGE_TARNAME ""
#define PACKAGE_VERSION ""
#define PACKAGE_STRING ""
#define PACKAGE_BUGREPORT ""
#define PACKAGE_URL ""
#define STDC_HEADERS 1
#define HAVE_SYS_TYPES_H 1
#define HAVE_SYS_STAT_H 1
#define HAVE_STDLIB_H 1
#define HAVE_STRING_H 1
#define HAVE_MEMORY_H 1
#define HAVE_STRINGS_H 1
#define HAVE_INTTYPES_H 1
#define HAVE_STDINT_H 1
#define HAVE_UNISTD_H 1
#define HAVE_LIMITS_H 1
#define HAVE_UNISTD_H 1
#define HAVE_SYS_PARAM_H 1
#define STATIC_BUILD 1
#define PEEK_XCLOSEIM 1
#define _LARGEFILE64_SOURCE 1
#define TCL_WIDE_INT_TYPE long long
#define HAVE_STRUCT_STAT64 1
#define HAVE_OPEN64 1
#define HAVE_LSEEK64 1
#define HAVE_TYPE_OFF64_T 1
#define HAVE_GETCWD 1
#define HAVE_OPENDIR 1
#define HAVE_STRSTR 1
#define HAVE_STRTOL 1
#define HAVE_STRTOLL 1
#define HAVE_STRTOULL 1
#define HAVE_TMPNAM 1
#define HAVE_WAITPID 1
#define USE_TERMIOS 1
#define HAVE_SYS_TIME_H 1
#define TIME_WITH_SYS_TIME 1
#define HAVE_STRUCT_TM_TM_ZONE 1
#define HAVE_TM_ZONE 1
#define HAVE_GMTIME_R 1
#define HAVE_LOCALTIME_R 1
#define HAVE_TM_GMTOFF 1
#define HAVE_TIMEZONE_VAR 1
#define HAVE_STRUCT_STAT_ST_BLKSIZE 1
#define HAVE_ST_BLKSIZE 1
#define HAVE_SIGNED_CHAR 1
#define HAVE_LANGINFO 1
#define HAVE_SYS_IOCTL_H 1

configure: exit 0
