>>>>>>>>>>>>>>>> [['void', 'ns3::Ptr<ns3::Packet const>', 'ns3::Ipv4Header const&', 'ns3::Socket::SocketErrno', 'ns3::empty', 'ns3::empty', 'ns3::empty', 'ns3::empty', 'ns3::empty', 'ns3::empty'], ['void', 'ns3::Ptr<ns3::Ipv4Route>', 'ns3::Ptr<ns3::Packet const>', 'ns3::Ipv4Header const&', 'ns3::empty', 'ns3::empty', 'ns3::empty', 'ns3::empty', 'ns3::empty', 'ns3::empty'], ['void', 'ns3::Ptr<ns3::Socket>', 'ns3::empty', 'ns3::empty', 'ns3::empty', 'ns3::empty', 'ns3::empty', 'ns3::empty', 'ns3::empty', 'ns3::empty'], ['void', 'ns3::Ptr<ns3::Socket>', 'unsigned int', 'ns3::empty', 'ns3::empty', 'ns3::empty', 'ns3::empty', 'ns3::empty', 'ns3::empty', 'ns3::empty'], ['void', 'ns3::Ptr<ns3::Socket>', 'ns3::Address const&', 'ns3::empty', 'ns3::empty', 'ns3::empty', 'ns3::empty', 'ns3::empty', 'ns3::empty', 'ns3::empty'], ['bool', 'ns3::Ptr<ns3::Socket>', 'ns3::Address const&', 'ns3::empty', 'ns3::empty', 'ns3::empty', 'ns3::empty', 'ns3::empty', 'ns3::empty', 'ns3::empty'], ['void', 'ns3::WifiMacHeader const&', 'ns3::empty', 'ns3::empty', 'ns3::empty', 'ns3::empty', 'ns3::empty', 'ns3::empty', 'ns3::empty', 'ns3::empty'], ['void', 'ns3::Ipv4Address', 'ns3::empty', 'ns3::empty', 'ns3::empty', 'ns3::empty', 'ns3::empty', 'ns3::empty', 'ns3::empty', 'ns3::empty'], ['void', 'ns3::Ptr<ns3::ArpCache const>', 'ns3::Ipv4Address', 'ns3::empty', 'ns3::empty', 'ns3::empty', 'ns3::empty', 'ns3::empty', 'ns3::empty', 'ns3::empty'], ['void', 'ns3::Ptr<ns3::NetDevice>', 'ns3::Ptr<ns3::Packet const>', 'unsigned short', 'ns3::Address const&', 'ns3::Address const&', 'ns3::NetDevice::PacketType', 'ns3::empty', 'ns3::empty', 'ns3::empty']]
***** registering callback handler: 'ns3::Callback< void, ns3::Ptr< ns3::Packet const >, ns3::Ipv4Header const &, ns3::Socket::SocketErrno, ns3::empty, ns3::empty, ns3::empty, ns3::empty, ns3::empty, ns3::empty >'
***** registering callback handler: 'ns3::Callback< void, ns3::Ptr< ns3::Ipv4Route >, ns3::Ptr< ns3::Packet const >, ns3::Ipv4Header const &, ns3::empty, ns3::empty, ns3::empty, ns3::empty, ns3::empty, ns3::empty >'
***** registering callback handler: 'ns3::Callback< void, ns3::Ptr< ns3::Socket >, ns3::empty, ns3::empty, ns3::empty, ns3::empty, ns3::empty, ns3::empty, ns3::empty, ns3::empty >'
***** registering callback handler: 'ns3::Callback< void, ns3::Ptr< ns3::Socket >, unsigned int, ns3::empty, ns3::empty, ns3::empty, ns3::empty, ns3::empty, ns3::empty, ns3::empty >'
***** registering callback handler: 'ns3::Callback< void, ns3::Ptr< ns3::Socket >, ns3::Address const &, ns3::empty, ns3::empty, ns3::empty, ns3::empty, ns3::empty, ns3::empty, ns3::empty >'
***** registering callback handler: 'ns3::Callback< bool, ns3::Ptr< ns3::Socket >, ns3::Address const &, ns3::empty, ns3::empty, ns3::empty, ns3::empty, ns3::empty, ns3::empty, ns3::empty >'
***** registering callback handler: 'ns3::Callback< void, ns3::WifiMacHeader const &, ns3::empty, ns3::empty, ns3::empty, ns3::empty, ns3::empty, ns3::empty, ns3::empty, ns3::empty >'
***** registering callback handler: 'ns3::Callback< void, ns3::Ipv4Address, ns3::empty, ns3::empty, ns3::empty, ns3::empty, ns3::empty, ns3::empty, ns3::empty, ns3::empty >'
***** registering callback handler: 'ns3::Callback< void, ns3::Ptr< ns3::ArpCache const >, ns3::Ipv4Address, ns3::empty, ns3::empty, ns3::empty, ns3::empty, ns3::empty, ns3::empty, ns3::empty >'
***** registering callback handler: 'ns3::Callback< void, ns3::Ptr< ns3::NetDevice >, ns3::Ptr< ns3::Packet const >, unsigned short, ns3::Address const &, ns3::Address const &, ns3::NetDevice::PacketType, ns3::empty, ns3::empty, ns3::empty >'
/home/gokul/MyRepo/NETWORK_SIMULATIONS/ns-allinone-3.13/ns-3.13/src/aodv/bindings/modulegen__gcc_ILP32.py:9: UserWarning: exception TypeConfigurationError('direction not given',) in wrapper <pybindgen.cppmethod.CppConstructor object at 0x956a3cc>
  warnings.warn("exception %r in wrapper %s" % (exception, wrapper))
/home/gokul/MyRepo/NETWORK_SIMULATIONS/ns-allinone-3.13/ns-3.13/src/aodv/bindings/modulegen__gcc_ILP32.py:9: UserWarning: exception TypeConfigurationError('direction not given',) in wrapper public: retval? ???::CopyAllFrom (params?);
  warnings.warn("exception %r in wrapper %s" % (exception, wrapper))
/home/gokul/MyRepo/NETWORK_SIMULATIONS/ns-allinone-3.13/ns-3.13/src/aodv/bindings/modulegen__gcc_ILP32.py:9: UserWarning: exception TypeConfigurationError('direction not given',) in wrapper public: retval? ???::CopyAllTo (params?) const;
  warnings.warn("exception %r in wrapper %s" % (exception, wrapper))
/home/gokul/MyRepo/NETWORK_SIMULATIONS/ns-allinone-3.13/ns-3.13/src/aodv/bindings/modulegen__gcc_ILP32.py:9: UserWarning: exception TypeConfigurationError('direction not given',) in wrapper public: retval? ???::CopyFrom (params?);
  warnings.warn("exception %r in wrapper %s" % (exception, wrapper))
/home/gokul/MyRepo/NETWORK_SIMULATIONS/ns-allinone-3.13/ns-3.13/src/aodv/bindings/modulegen__gcc_ILP32.py:9: UserWarning: exception TypeConfigurationError('direction not given',) in wrapper public: retval? ???::CopyTo (params?) const;
  warnings.warn("exception %r in wrapper %s" % (exception, wrapper))
/home/gokul/MyRepo/NETWORK_SIMULATIONS/ns-allinone-3.13/ns-3.13/src/aodv/bindings/modulegen__gcc_ILP32.py:9: UserWarning: exception TypeLookupError(['std::_List_const_iterator< ns3::AttributeConstructionList::Item >'],) in wrapper public: retval? ???::Begin (params?) const;
  warnings.warn("exception %r in wrapper %s" % (exception, wrapper))
/home/gokul/MyRepo/NETWORK_SIMULATIONS/ns-allinone-3.13/ns-3.13/src/aodv/bindings/modulegen__gcc_ILP32.py:9: UserWarning: exception TypeLookupError(['std::_List_const_iterator< ns3::AttributeConstructionList::Item >'],) in wrapper public: retval? ???::End (params?) const;
  warnings.warn("exception %r in wrapper %s" % (exception, wrapper))
/home/gokul/MyRepo/NETWORK_SIMULATIONS/ns-allinone-3.13/ns-3.13/src/aodv/bindings/modulegen__gcc_ILP32.py:9: UserWarning: exception TypeLookupError(['std::ostream *'],) in wrapper public: retval? ???::CopyData (params?) const;
  warnings.warn("exception %r in wrapper %s" % (exception, wrapper))
/home/gokul/MyRepo/NETWORK_SIMULATIONS/ns-allinone-3.13/ns-3.13/src/aodv/bindings/modulegen__gcc_ILP32.py:9: UserWarning: exception TypeConfigurationError('direction not given',) in wrapper public: retval? ???::CopyData (params?) const;
  warnings.warn("exception %r in wrapper %s" % (exception, wrapper))
/home/gokul/MyRepo/NETWORK_SIMULATIONS/ns-allinone-3.13/ns-3.13/src/aodv/bindings/modulegen__gcc_ILP32.py:9: UserWarning: exception TypeConfigurationError('direction not given',) in wrapper public: retval? ???::Deserialize (params?);
  warnings.warn("exception %r in wrapper %s" % (exception, wrapper))
/home/gokul/MyRepo/NETWORK_SIMULATIONS/ns-allinone-3.13/ns-3.13/src/aodv/bindings/modulegen__gcc_ILP32.py:9: UserWarning: exception TypeLookupError(['uint8_t *'],) in wrapper public: retval? ???::PeekData (params?) const;
  warnings.warn("exception %r in wrapper %s" % (exception, wrapper))
/home/gokul/MyRepo/NETWORK_SIMULATIONS/ns-allinone-3.13/ns-3.13/src/aodv/bindings/modulegen__gcc_ILP32.py:9: UserWarning: exception TypeConfigurationError('direction not given',) in wrapper public: retval? ???::Serialize (params?) const;
  warnings.warn("exception %r in wrapper %s" % (exception, wrapper))
/home/gokul/MyRepo/NETWORK_SIMULATIONS/ns-allinone-3.13/ns-3.13/src/aodv/bindings/modulegen__gcc_ILP32.py:9: UserWarning: exception TypeConfigurationError('direction not given',) in wrapper public: retval? ???::Read (params?);
  warnings.warn("exception %r in wrapper %s" % (exception, wrapper))
/home/gokul/MyRepo/NETWORK_SIMULATIONS/ns-allinone-3.13/ns-3.13/src/aodv/bindings/modulegen__gcc_ILP32.py:9: UserWarning: exception TypeConfigurationError('direction not given',) in wrapper public: retval? ???::Write (params?);
  warnings.warn("exception %r in wrapper %s" % (exception, wrapper))
/home/gokul/MyRepo/NETWORK_SIMULATIONS/ns-allinone-3.13/ns-3.13/src/aodv/bindings/modulegen__gcc_ILP32.py:9: UserWarning: exception TypeLookupError(['ns3::Ptr< ns3::EventImpl > &'],) in wrapper <pybindgen.cppmethod.CppConstructor object at 0x969e5ec>
  warnings.warn("exception %r in wrapper %s" % (exception, wrapper))
/home/gokul/MyRepo/NETWORK_SIMULATIONS/ns-allinone-3.13/ns-3.13/src/aodv/bindings/modulegen__gcc_ILP32.py:9: UserWarning: exception TypeConfigurationError('Either caller_owns_return or self.reference_existing_object must be given',) in wrapper public: retval? ???::PeekEventImpl (params?) const;
  warnings.warn("exception %r in wrapper %s" % (exception, wrapper))
/home/gokul/MyRepo/NETWORK_SIMULATIONS/ns-allinone-3.13/ns-3.13/src/aodv/bindings/modulegen__gcc_ILP32.py:9: UserWarning: exception TypeLookupError(['std::ostream &'],) in wrapper public: retval? ???::Print (params?) const;
  warnings.warn("exception %r in wrapper %s" % (exception, wrapper))
/home/gokul/MyRepo/NETWORK_SIMULATIONS/ns-allinone-3.13/ns-3.13/src/aodv/bindings/modulegen__gcc_ILP32.py:9: UserWarning: exception TypeConfigurationError('Either caller_owns_return or self.reference_existing_object must be given',) in wrapper public: virtual retval? ???::Copy (params?) const = 0;
  warnings.warn("exception %r in wrapper %s" % (exception, wrapper))
/home/gokul/MyRepo/NETWORK_SIMULATIONS/ns-allinone-3.13/ns-3.13/src/aodv/bindings/modulegen__gcc_ILP32.py:9: UserWarning: exception TypeConfigurationError('direction not given',) in wrapper <pybindgen.cppmethod.CppConstructor object at 0x97662cc>
  warnings.warn("exception %r in wrapper %s" % (exception, wrapper))
/home/gokul/MyRepo/NETWORK_SIMULATIONS/ns-allinone-3.13/ns-3.13/src/aodv/bindings/modulegen__gcc_ILP32.py:9: UserWarning: exception TypeConfigurationError('direction not given',) in wrapper public: retval? ???::GetBytes (params?) const;
  warnings.warn("exception %r in wrapper %s" % (exception, wrapper))
/home/gokul/MyRepo/NETWORK_SIMULATIONS/ns-allinone-3.13/ns-3.13/src/aodv/bindings/modulegen__gcc_ILP32.py:9: UserWarning: exception TypeConfigurationError('direction not given',) in wrapper public: retval? ???::Set (params?);
  warnings.warn("exception %r in wrapper %s" % (exception, wrapper))
/home/gokul/MyRepo/NETWORK_SIMULATIONS/ns-allinone-3.13/ns-3.13/src/aodv/bindings/modulegen__gcc_ILP32.py:9: UserWarning: exception TypeConfigurationError('direction not given',) in wrapper <pybindgen.cppmethod.CppConstructor object at 0x9786acc>
  warnings.warn("exception %r in wrapper %s" % (exception, wrapper))
/home/gokul/MyRepo/NETWORK_SIMULATIONS/ns-allinone-3.13/ns-3.13/src/aodv/bindings/modulegen__gcc_ILP32.py:9: UserWarning: exception TypeLookupError(['__gnu_cxx::__normal_iterator< ns3::Ptr< ns3::Node > const, std::vector< ns3::Ptr< ns3::Node > > >'],) in wrapper public: retval? ???::Begin (params?) const;
  warnings.warn("exception %r in wrapper %s" % (exception, wrapper))
/home/gokul/MyRepo/NETWORK_SIMULATIONS/ns-allinone-3.13/ns-3.13/src/aodv/bindings/modulegen__gcc_ILP32.py:9: UserWarning: exception TypeLookupError(['__gnu_cxx::__normal_iterator< ns3::Ptr< ns3::Node > const, std::vector< ns3::Ptr< ns3::Node > > >'],) in wrapper public: retval? ???::End (params?) const;
  warnings.warn("exception %r in wrapper %s" % (exception, wrapper))
/home/gokul/MyRepo/NETWORK_SIMULATIONS/ns-allinone-3.13/ns-3.13/src/aodv/bindings/modulegen__gcc_ILP32.py:9: UserWarning: exception TypeConfigurationError('Missing transfer_ownership option',) in wrapper public: retval? ???::Delete (params?);
  warnings.warn("exception %r in wrapper %s" % (exception, wrapper))
/home/gokul/MyRepo/NETWORK_SIMULATIONS/ns-allinone-3.13/ns-3.13/src/aodv/bindings/modulegen__gcc_ILP32.py:9: UserWarning: exception TypeLookupError(['uint8_t [ 20 ]'],) in wrapper None
  warnings.warn("exception %r in wrapper %s" % (exception, wrapper))
/home/gokul/MyRepo/NETWORK_SIMULATIONS/ns-allinone-3.13/ns-3.13/src/aodv/bindings/modulegen__gcc_ILP32.py:9: UserWarning: exception TypeConfigurationError('Either caller_owns_return or self.reference_existing_object must be given',) in wrapper None
  warnings.warn("exception %r in wrapper %s" % (exception, wrapper))
/home/gokul/MyRepo/NETWORK_SIMULATIONS/ns-allinone-3.13/ns-3.13/src/aodv/bindings/modulegen__gcc_ILP32.py:9: UserWarning: exception TypeLookupError(['ns3::Ptr< ns3::SimulatorImpl >', 'ns3::SimulatorImpl *'],) in wrapper public: retval? ???::GetImplementation (params?);
  warnings.warn("exception %r in wrapper %s" % (exception, wrapper))
/home/gokul/MyRepo/NETWORK_SIMULATIONS/ns-allinone-3.13/ns-3.13/src/aodv/bindings/modulegen__gcc_ILP32.py:9: UserWarning: exception TypeLookupError(['ns3::Ptr< ns3::SimulatorImpl >', 'ns3::SimulatorImpl *'],) in wrapper public: retval? ???::SetImplementation (params?);
  warnings.warn("exception %r in wrapper %s" % (exception, wrapper))
/home/gokul/MyRepo/NETWORK_SIMULATIONS/ns-allinone-3.13/ns-3.13/src/aodv/bindings/modulegen__gcc_ILP32.py:9: UserWarning: exception TypeLookupError(['std::ostream &'],) in wrapper public: virtual retval? ???::Print (params?) const = 0;
  warnings.warn("exception %r in wrapper %s" % (exception, wrapper))
/home/gokul/MyRepo/NETWORK_SIMULATIONS/ns-allinone-3.13/ns-3.13/src/aodv/bindings/modulegen__gcc_ILP32.py:9: UserWarning: exception TypeConfigurationError('direction not given',) in wrapper <pybindgen.cppmethod.CppConstructor object at 0x98db22c>
  warnings.warn("exception %r in wrapper %s" % (exception, wrapper))
/home/gokul/MyRepo/NETWORK_SIMULATIONS/ns-allinone-3.13/ns-3.13/src/aodv/bindings/modulegen__gcc_ILP32.py:9: UserWarning: exception TypeLookupError(['ns3::Callback< ns3::ObjectBase *, ns3::empty, ns3::empty, ns3::empty, ns3::empty, ns3::empty, ns3::empty, ns3::empty, ns3::empty, ns3::empty >'],) in wrapper public: retval? ???::GetConstructor (params?) const;
  warnings.warn("exception %r in wrapper %s" % (exception, wrapper))
/home/gokul/MyRepo/NETWORK_SIMULATIONS/ns-allinone-3.13/ns-3.13/src/aodv/bindings/modulegen__gcc_ILP32.py:9: UserWarning: exception TypeConfigurationError('Missing transfer_ownership option',) in wrapper public: retval? ???::LookupAttributeByName (params?) const;
  warnings.warn("exception %r in wrapper %s" % (exception, wrapper))
/home/gokul/MyRepo/NETWORK_SIMULATIONS/ns-allinone-3.13/ns-3.13/src/aodv/bindings/modulegen__gcc_ILP32.py:9: UserWarning: exception TypeLookupError(['short unsigned int'],) in wrapper None
  warnings.warn("exception %r in wrapper %s" % (exception, wrapper))
/home/gokul/MyRepo/NETWORK_SIMULATIONS/ns-allinone-3.13/ns-3.13/src/aodv/bindings/modulegen__gcc_ILP32.py:9: UserWarning: exception TypeConfigurationError('Either caller_owns_return or self.reference_existing_object must be given',) in wrapper public: virtual retval? ???::Copy (params?) const;
  warnings.warn("exception %r in wrapper %s" % (exception, wrapper))
/home/gokul/MyRepo/NETWORK_SIMULATIONS/ns-allinone-3.13/ns-3.13/src/aodv/bindings/modulegen__gcc_ILP32.py:9: UserWarning: exception TypeLookupError(['std::ostream &'],) in wrapper public: virtual retval? ???::Print (params?) const;
  warnings.warn("exception %r in wrapper %s" % (exception, wrapper))
/home/gokul/MyRepo/NETWORK_SIMULATIONS/ns-allinone-3.13/ns-3.13/src/aodv/bindings/modulegen__gcc_ILP32.py:9: UserWarning: exception TypeConfigurationError('direction not given',) in wrapper public: retval? ???::Recv (params?);
  warnings.warn("exception %r in wrapper %s" % (exception, wrapper))
/home/gokul/MyRepo/NETWORK_SIMULATIONS/ns-allinone-3.13/ns-3.13/src/aodv/bindings/modulegen__gcc_ILP32.py:9: UserWarning: exception TypeConfigurationError('direction not given',) in wrapper public: retval? ???::RecvFrom (params?);
  warnings.warn("exception %r in wrapper %s" % (exception, wrapper))
/home/gokul/MyRepo/NETWORK_SIMULATIONS/ns-allinone-3.13/ns-3.13/src/aodv/bindings/modulegen__gcc_ILP32.py:9: UserWarning: exception TypeConfigurationError('direction not given',) in wrapper public: retval? ???::Send (params?);
  warnings.warn("exception %r in wrapper %s" % (exception, wrapper))
/home/gokul/MyRepo/NETWORK_SIMULATIONS/ns-allinone-3.13/ns-3.13/src/aodv/bindings/modulegen__gcc_ILP32.py:9: UserWarning: exception TypeConfigurationError('direction not given',) in wrapper public: retval? ???::SendTo (params?);
  warnings.warn("exception %r in wrapper %s" % (exception, wrapper))
/home/gokul/MyRepo/NETWORK_SIMULATIONS/ns-allinone-3.13/ns-3.13/src/aodv/bindings/modulegen__gcc_ILP32.py:9: UserWarning: exception TypeConfigurationError('Either caller_owns_return or self.reference_existing_object must be given',) in wrapper public: retval? ???::Add (params?);
  warnings.warn("exception %r in wrapper %s" % (exception, wrapper))
/home/gokul/MyRepo/NETWORK_SIMULATIONS/ns-allinone-3.13/ns-3.13/src/aodv/bindings/modulegen__gcc_ILP32.py:9: UserWarning: exception TypeConfigurationError('Either caller_owns_return or self.reference_existing_object must be given',) in wrapper public: retval? ???::Lookup (params?);
  warnings.warn("exception %r in wrapper %s" % (exception, wrapper))
/home/gokul/MyRepo/NETWORK_SIMULATIONS/ns-allinone-3.13/ns-3.13/src/aodv/bindings/modulegen__gcc_ILP32.py:9: UserWarning: exception TypeConfigurationError('Missing transfer_ownership option',) in wrapper <pybindgen.cppmethod.CppConstructor object at 0x9d2348c>
  warnings.warn("exception %r in wrapper %s" % (exception, wrapper))
/home/gokul/MyRepo/NETWORK_SIMULATIONS/ns-allinone-3.13/ns-3.13/src/aodv/bindings/modulegen__gcc_ILP32.py:9: UserWarning: exception TypeLookupError(['ns3::Callback< void, ns3::Ptr< ns3::Packet >, ns3::Ipv4Address, ns3::Ipv4Address, unsigned char, ns3::Ptr< ns3::Ipv4Route >, ns3::empty, ns3::empty, ns3::empty, ns3::empty >'],) in wrapper public: virtual retval? ???::GetDownTarget (params?) const = 0;
  warnings.warn("exception %r in wrapper %s" % (exception, wrapper))
/home/gokul/MyRepo/NETWORK_SIMULATIONS/ns-allinone-3.13/ns-3.13/src/aodv/bindings/modulegen__gcc_ILP32.py:9: UserWarning: exception TypeConfigurationError('direction not given',) in wrapper public: virtual retval? ???::ReceiveIcmp (params?);
  warnings.warn("exception %r in wrapper %s" % (exception, wrapper))
/home/gokul/MyRepo/NETWORK_SIMULATIONS/ns-allinone-3.13/ns-3.13/src/aodv/bindings/modulegen__gcc_ILP32.py:9: UserWarning: exception TypeLookupError(['ns3::Callback< void, ns3::Ptr< ns3::Packet >, ns3::Ipv4Address, ns3::Ipv4Address, unsigned char, ns3::Ptr< ns3::Ipv4Route >, ns3::empty, ns3::empty, ns3::empty, ns3::empty >'],) in wrapper public: virtual retval? ???::SetDownTarget (params?) = 0;
  warnings.warn("exception %r in wrapper %s" % (exception, wrapper))
/home/gokul/MyRepo/NETWORK_SIMULATIONS/ns-allinone-3.13/ns-3.13/src/aodv/bindings/modulegen__gcc_ILP32.py:9: UserWarning: exception TypeLookupError(['ns3::Callback< void, ns3::Ptr< ns3::Ipv4MulticastRoute >, ns3::Ptr< ns3::Packet const >, ns3::Ipv4Header const &, ns3::empty, ns3::empty, ns3::empty, ns3::empty, ns3::empty, ns3::empty >'],) in wrapper public: virtual retval? ???::RouteInput (params?) = 0;
  warnings.warn("exception %r in wrapper %s" % (exception, wrapper))
/home/gokul/MyRepo/NETWORK_SIMULATIONS/ns-allinone-3.13/ns-3.13/src/aodv/bindings/modulegen__gcc_ILP32.py:9: UserWarning: exception TypeLookupError(['ns3::Callback< void, ns3::empty, ns3::empty, ns3::empty, ns3::empty, ns3::empty, ns3::empty, ns3::empty, ns3::empty, ns3::empty >'],) in wrapper public: virtual retval? ???::AddLinkChangeCallback (params?) = 0;
  warnings.warn("exception %r in wrapper %s" % (exception, wrapper))
/home/gokul/MyRepo/NETWORK_SIMULATIONS/ns-allinone-3.13/ns-3.13/src/aodv/bindings/modulegen__gcc_ILP32.py:9: UserWarning: exception TypeLookupError(['ns3::Ptr< ns3::Channel >', 'ns3::Channel *'],) in wrapper public: virtual retval? ???::GetChannel (params?) const = 0;
  warnings.warn("exception %r in wrapper %s" % (exception, wrapper))
/home/gokul/MyRepo/NETWORK_SIMULATIONS/ns-allinone-3.13/ns-3.13/src/aodv/bindings/modulegen__gcc_ILP32.py:9: UserWarning: exception TypeLookupError(['ns3::Callback< bool, ns3::Ptr< ns3::NetDevice >, ns3::Ptr< ns3::Packet const >, short unsigned int, ns3::Address const &, ns3::Address const &, ns3::NetDevice::PacketType, ns3::empty, ns3::empty, ns3::empty >'],) in wrapper public: virtual retval? ???::SetPromiscReceiveCallback (params?) = 0;
  warnings.warn("exception %r in wrapper %s" % (exception, wrapper))
/home/gokul/MyRepo/NETWORK_SIMULATIONS/ns-allinone-3.13/ns-3.13/src/aodv/bindings/modulegen__gcc_ILP32.py:9: UserWarning: exception TypeLookupError(['ns3::Callback< bool, ns3::Ptr< ns3::NetDevice >, ns3::Ptr< ns3::Packet const >, short unsigned int, ns3::Address const &, ns3::empty, ns3::empty, ns3::empty, ns3::empty, ns3::empty >'],) in wrapper public: virtual retval? ???::SetReceiveCallback (params?) = 0;
  warnings.warn("exception %r in wrapper %s" % (exception, wrapper))
/home/gokul/MyRepo/NETWORK_SIMULATIONS/ns-allinone-3.13/ns-3.13/src/aodv/bindings/modulegen__gcc_ILP32.py:9: UserWarning: exception TypeLookupError(['ns3::Ptr< ns3::Application >', 'ns3::Application *'],) in wrapper public: retval? ???::AddApplication (params?);
  warnings.warn("exception %r in wrapper %s" % (exception, wrapper))
/home/gokul/MyRepo/NETWORK_SIMULATIONS/ns-allinone-3.13/ns-3.13/src/aodv/bindings/modulegen__gcc_ILP32.py:9: UserWarning: exception TypeLookupError(['ns3::Ptr< ns3::Application >', 'ns3::Application *'],) in wrapper public: retval? ???::GetApplication (params?) const;
  warnings.warn("exception %r in wrapper %s" % (exception, wrapper))
/home/gokul/MyRepo/NETWORK_SIMULATIONS/ns-allinone-3.13/ns-3.13/src/aodv/bindings/modulegen__gcc_ILP32.py:9: UserWarning: exception TypeLookupError(['ns3::Callback< void, ns3::Ptr< ns3::NetDevice >, ns3::empty, ns3::empty, ns3::empty, ns3::empty, ns3::empty, ns3::empty, ns3::empty, ns3::empty >'],) in wrapper public: retval? ???::RegisterDeviceAdditionListener (params?);
  warnings.warn("exception %r in wrapper %s" % (exception, wrapper))
/home/gokul/MyRepo/NETWORK_SIMULATIONS/ns-allinone-3.13/ns-3.13/src/aodv/bindings/modulegen__gcc_ILP32.py:9: UserWarning: exception TypeLookupError(['ns3::Callback< void, ns3::Ptr< ns3::NetDevice >, ns3::empty, ns3::empty, ns3::empty, ns3::empty, ns3::empty, ns3::empty, ns3::empty, ns3::empty >'],) in wrapper public: retval? ???::UnregisterDeviceAdditionListener (params?);
  warnings.warn("exception %r in wrapper %s" % (exception, wrapper))
/home/gokul/MyRepo/NETWORK_SIMULATIONS/ns-allinone-3.13/ns-3.13/src/aodv/bindings/modulegen__gcc_ILP32.py:9: UserWarning: exception TypeLookupError(['std::ostream *'],) in wrapper <pybindgen.cppmethod.CppConstructor object at 0xa0b27ec>
  warnings.warn("exception %r in wrapper %s" % (exception, wrapper))
/home/gokul/MyRepo/NETWORK_SIMULATIONS/ns-allinone-3.13/ns-3.13/src/aodv/bindings/modulegen__gcc_ILP32.py:9: UserWarning: exception TypeLookupError(['std::ostream *'],) in wrapper public: retval? ???::GetStream (params?);
  warnings.warn("exception %r in wrapper %s" % (exception, wrapper))
/home/gokul/MyRepo/NETWORK_SIMULATIONS/ns-allinone-3.13/ns-3.13/src/aodv/bindings/modulegen__gcc_ILP32.py:9: UserWarning: exception TypeConfigurationError('direction not given',) in wrapper <pybindgen.cppmethod.CppConstructor object at 0xa0b74ac>
  warnings.warn("exception %r in wrapper %s" % (exception, wrapper))
/home/gokul/MyRepo/NETWORK_SIMULATIONS/ns-allinone-3.13/ns-3.13/src/aodv/bindings/modulegen__gcc_ILP32.py:9: UserWarning: exception TypeConfigurationError('direction not given',) in wrapper <pybindgen.cppmethod.CppConstructor object at 0xa0b74cc>
  warnings.warn("exception %r in wrapper %s" % (exception, wrapper))
/home/gokul/MyRepo/NETWORK_SIMULATIONS/ns-allinone-3.13/ns-3.13/src/aodv/bindings/modulegen__gcc_ILP32.py:9: UserWarning: exception TypeLookupError(['std::ostream &'],) in wrapper public: retval? ???::PrintByteTags (params?) const;
  warnings.warn("exception %r in wrapper %s" % (exception, wrapper))
/home/gokul/MyRepo/NETWORK_SIMULATIONS/ns-allinone-3.13/ns-3.13/src/aodv/bindings/modulegen__gcc_ILP32.py:9: UserWarning: exception TypeLookupError(['std::ostream &'],) in wrapper public: retval? ???::PrintPacketTags (params?) const;
  warnings.warn("exception %r in wrapper %s" % (exception, wrapper))
/home/gokul/MyRepo/NETWORK_SIMULATIONS/ns-allinone-3.13/ns-3.13/src/aodv/bindings/modulegen__gcc_ILP32.py:9: UserWarning: exception TypeLookupError(['ns3::Callback< void, ns3::Ipv4Address, ns3::empty, ns3::empty, ns3::empty, ns3::empty, ns3::empty, ns3::empty, ns3::empty, ns3::empty >'],) in wrapper public: retval? ???::GetCallback (params?) const;
  warnings.warn("exception %r in wrapper %s" % (exception, wrapper))
/home/gokul/MyRepo/NETWORK_SIMULATIONS/ns-allinone-3.13/ns-3.13/src/aodv/bindings/modulegen__gcc_ILP32.py:9: UserWarning: exception TypeLookupError(['ns3::Callback< void, ns3::WifiMacHeader const &, ns3::empty, ns3::empty, ns3::empty, ns3::empty, ns3::empty, ns3::empty, ns3::empty, ns3::empty >'],) in wrapper public: retval? ???::GetTxErrorCallback (params?) const;
  warnings.warn("exception %r in wrapper %s" % (exception, wrapper))
/home/gokul/MyRepo/NETWORK_SIMULATIONS/ns-allinone-3.13/ns-3.13/src/aodv/bindings/modulegen__gcc_ILP32.py:9: UserWarning: exception TypeLookupError(['ns3::Callback< void, ns3::Ptr< ns3::Packet const >, ns3::Ipv4Header const &, ns3::Socket::SocketErrno, ns3::empty, ns3::empty, ns3::empty, ns3::empty, ns3::empty, ns3::empty >'],) in wrapper public: retval? ???::GetErrorCallback (params?) const;
  warnings.warn("exception %r in wrapper %s" % (exception, wrapper))
/home/gokul/MyRepo/NETWORK_SIMULATIONS/ns-allinone-3.13/ns-3.13/src/aodv/bindings/modulegen__gcc_ILP32.py:9: UserWarning: exception TypeLookupError(['ns3::Callback< void, ns3::Ptr< ns3::Ipv4Route >, ns3::Ptr< ns3::Packet const >, ns3::Ipv4Header const &, ns3::empty, ns3::empty, ns3::empty, ns3::empty, ns3::empty, ns3::empty >'],) in wrapper public: retval? ???::GetUnicastForwardCallback (params?) const;
  warnings.warn("exception %r in wrapper %s" % (exception, wrapper))
/home/gokul/MyRepo/NETWORK_SIMULATIONS/ns-allinone-3.13/ns-3.13/src/aodv/bindings/modulegen__gcc_ILP32.py:9: UserWarning: exception TypeLookupError(['std::pair< ns3::Ipv4Address, unsigned int > &'],) in wrapper public: retval? ???::RemoveUnDestination (params?);
  warnings.warn("exception %r in wrapper %s" % (exception, wrapper))
/home/gokul/MyRepo/NETWORK_SIMULATIONS/ns-allinone-3.13/ns-3.13/src/aodv/bindings/modulegen__gcc_ILP32.py:9: UserWarning: exception TypeLookupError(['ns3::Callback< void, ns3::Ptr< ns3::Ipv4MulticastRoute >, ns3::Ptr< ns3::Packet const >, ns3::Ipv4Header const &, ns3::empty, ns3::empty, ns3::empty, ns3::empty, ns3::empty, ns3::empty >'],) in wrapper public: virtual retval? ???::RouteInput (params?);
  warnings.warn("exception %r in wrapper %s" % (exception, wrapper))
/home/gokul/MyRepo/NETWORK_SIMULATIONS/ns-allinone-3.13/pybindgen-0.15.0.795/pybindgen/cppclass_typehandlers.py:1134: UserWarning: Returning shared pointers is dangerous!  The C++ API should be redesigned to avoid this situation.
  warnings.warn("Returning shared pointers is dangerous!"
